2025-11-11 08:58:12,895 - INFO - Running MVMD decomposition for 42 subjects.
2025-11-11 08:58:12,896 - INFO - MDD: 21 valid | HC: 21 valid
2025-11-11 08:58:12,960 - INFO - [NDAR_INVLT949NAG] Processing sub-NDARINVLT949NAG_task-restAP_run-01_space-MNI152NLin2009cAsym_res-2_desc-preproc_bold with shape (434, 488)
2025-11-11 08:58:31,180 - INFO - Saved decomposition → /cluster/home/herminea/mental_health_project/test/results/fmri_prep/mvmd/imfs/NDAR_INVLT949NAG_run1.pkl
2025-11-11 08:58:31,181 - INFO - [NDAR_INVLT949NAG] Processing sub-NDARINVLT949NAG_task-restAP_run-02_space-MNI152NLin2009cAsym_res-2_desc-preproc_bold with shape (434, 488)
2025-11-11 08:58:48,640 - INFO - Saved decomposition → /cluster/home/herminea/mental_health_project/test/results/fmri_prep/mvmd/imfs/NDAR_INVLT949NAG_run2.pkl
2025-11-11 08:58:48,640 - INFO - [NDAR_INVLT949NAG] Processing sub-NDARINVLT949NAG_task-restPA_run-01_space-MNI152NLin2009cAsym_res-2_desc-preproc_bold with shape (434, 488)
2025-11-11 08:59:06,274 - INFO - Saved decomposition → /cluster/home/herminea/mental_health_project/test/results/fmri_prep/mvmd/imfs/NDAR_INVLT949NAG_run3.pkl
2025-11-11 08:59:06,275 - INFO - [NDAR_INVLT949NAG] Processing sub-NDARINVLT949NAG_task-restPA_run-02_space-MNI152NLin2009cAsym_res-2_desc-preproc_bold with shape (434, 488)
2025-11-11 08:59:23,781 - INFO - Saved decomposition → /cluster/home/herminea/mental_health_project/test/results/fmri_prep/mvmd/imfs/NDAR_INVLT949NAG_run4.pkl
2025-11-11 08:59:23,816 - INFO - [NDAR_INVLD269XMU] Processing sub-NDARINVLD269XMU_task-restAP_run-01_space-MNI152NLin2009cAsym_res-2_desc-preproc_bold with shape (434, 488)
2025-11-11 08:59:41,298 - INFO - Saved decomposition → /cluster/home/herminea/mental_health_project/test/results/fmri_prep/mvmd/imfs/NDAR_INVLD269XMU_run1.pkl
2025-11-11 08:59:41,299 - INFO - [NDAR_INVLD269XMU] Processing sub-NDARINVLD269XMU_task-restAP_run-02_space-MNI152NLin2009cAsym_res-2_desc-preproc_bold with shape (434, 488)
2025-11-11 08:59:58,513 - INFO - Saved decomposition → /cluster/home/herminea/mental_health_project/test/results/fmri_prep/mvmd/imfs/NDAR_INVLD269XMU_run2.pkl
2025-11-11 08:59:58,513 - INFO - [NDAR_INVLD269XMU] Processing sub-NDARINVLD269XMU_task-restPA_run-01_space-MNI152NLin2009cAsym_res-2_desc-preproc_bold with shape (434, 488)
2025-11-11 09:00:16,159 - INFO - Saved decomposition → /cluster/home/herminea/mental_health_project/test/results/fmri_prep/mvmd/imfs/NDAR_INVLD269XMU_run3.pkl
2025-11-11 09:00:16,159 - INFO - [NDAR_INVLD269XMU] Processing sub-NDARINVLD269XMU_task-restPA_run-02_space-MNI152NLin2009cAsym_res-2_desc-preproc_bold with shape (434, 488)
2025-11-11 09:00:33,378 - INFO - Saved decomposition → /cluster/home/herminea/mental_health_project/test/results/fmri_prep/mvmd/imfs/NDAR_INVLD269XMU_run4.pkl
2025-11-11 09:00:33,427 - INFO - [NDAR_INVWU297KRB] Processing sub-NDARINVWU297KRB_task-restAP_run-01_space-MNI152NLin2009cAsym_res-2_desc-preproc_bold with shape (434, 488)
2025-11-11 09:00:50,889 - INFO - Saved decomposition → /cluster/home/herminea/mental_health_project/test/results/fmri_prep/mvmd/imfs/NDAR_INVWU297KRB_run1.pkl
2025-11-11 09:00:50,890 - INFO - [NDAR_INVWU297KRB] Processing sub-NDARINVWU297KRB_task-restAP_run-02_space-MNI152NLin2009cAsym_res-2_desc-preproc_bold with shape (434, 488)
2025-11-11 09:01:08,230 - INFO - Saved decomposition → /cluster/home/herminea/mental_health_project/test/results/fmri_prep/mvmd/imfs/NDAR_INVWU297KRB_run2.pkl
2025-11-11 09:01:08,230 - INFO - [NDAR_INVWU297KRB] Processing sub-NDARINVWU297KRB_task-restPA_run-01_space-MNI152NLin2009cAsym_res-2_desc-preproc_bold with shape (434, 488)
2025-11-11 09:01:25,746 - INFO - Saved decomposition → /cluster/home/herminea/mental_health_project/test/results/fmri_prep/mvmd/imfs/NDAR_INVWU297KRB_run3.pkl
2025-11-11 09:01:25,746 - INFO - [NDAR_INVWU297KRB] Processing sub-NDARINVWU297KRB_task-restPA_run-02_space-MNI152NLin2009cAsym_res-2_desc-preproc_bold with shape (434, 488)
2025-11-11 09:01:43,151 - INFO - Saved decomposition → /cluster/home/herminea/mental_health_project/test/results/fmri_prep/mvmd/imfs/NDAR_INVWU297KRB_run4.pkl
2025-11-11 09:01:43,212 - INFO - [NDAR_INVUX642KUY] Processing sub-NDARINVUX642KUY_task-restAP_run-01_space-MNI152NLin2009cAsym_res-2_desc-preproc_bold with shape (434, 488)
2025-11-11 09:02:01,128 - INFO - Saved decomposition → /cluster/home/herminea/mental_health_project/test/results/fmri_prep/mvmd/imfs/NDAR_INVUX642KUY_run1.pkl
2025-11-11 09:02:01,128 - INFO - [NDAR_INVUX642KUY] Processing sub-NDARINVUX642KUY_task-restAP_run-02_space-MNI152NLin2009cAsym_res-2_desc-preproc_bold with shape (434, 488)
2025-11-11 09:02:19,060 - INFO - Saved decomposition → /cluster/home/herminea/mental_health_project/test/results/fmri_prep/mvmd/imfs/NDAR_INVUX642KUY_run2.pkl
2025-11-11 09:02:19,060 - INFO - [NDAR_INVUX642KUY] Processing sub-NDARINVUX642KUY_task-restPA_run-01_space-MNI152NLin2009cAsym_res-2_desc-preproc_bold with shape (434, 488)
2025-11-11 09:02:36,460 - INFO - Saved decomposition → /cluster/home/herminea/mental_health_project/test/results/fmri_prep/mvmd/imfs/NDAR_INVUX642KUY_run3.pkl
2025-11-11 09:02:36,460 - INFO - [NDAR_INVUX642KUY] Processing sub-NDARINVUX642KUY_task-restPA_run-02_space-MNI152NLin2009cAsym_res-2_desc-preproc_bold with shape (434, 488)
2025-11-11 09:02:53,804 - INFO - Saved decomposition → /cluster/home/herminea/mental_health_project/test/results/fmri_prep/mvmd/imfs/NDAR_INVUX642KUY_run4.pkl
2025-11-11 09:02:53,852 - INFO - [NDAR_INVEY681MZ7] Processing sub-NDARINVEY681MZ7_task-restAP_run-01_space-MNI152NLin2009cAsym_res-2_desc-preproc_bold with shape (434, 488)
2025-11-11 09:03:11,493 - INFO - Saved decomposition → /cluster/home/herminea/mental_health_project/test/results/fmri_prep/mvmd/imfs/NDAR_INVEY681MZ7_run1.pkl
2025-11-11 09:03:11,493 - INFO - [NDAR_INVEY681MZ7] Processing sub-NDARINVEY681MZ7_task-restAP_run-02_space-MNI152NLin2009cAsym_res-2_desc-preproc_bold with shape (434, 488)
2025-11-11 09:03:28,462 - INFO - Saved decomposition → /cluster/home/herminea/mental_health_project/test/results/fmri_prep/mvmd/imfs/NDAR_INVEY681MZ7_run2.pkl
2025-11-11 09:03:28,462 - INFO - [NDAR_INVEY681MZ7] Processing sub-NDARINVEY681MZ7_task-restPA_run-01_space-MNI152NLin2009cAsym_res-2_desc-preproc_bold with shape (434, 488)
2025-11-11 09:03:46,299 - INFO - Saved decomposition → /cluster/home/herminea/mental_health_project/test/results/fmri_prep/mvmd/imfs/NDAR_INVEY681MZ7_run3.pkl
2025-11-11 09:03:46,300 - INFO - [NDAR_INVEY681MZ7] Processing sub-NDARINVEY681MZ7_task-restPA_run-02_space-MNI152NLin2009cAsym_res-2_desc-preproc_bold with shape (434, 488)
2025-11-11 09:04:03,937 - INFO - Saved decomposition → /cluster/home/herminea/mental_health_project/test/results/fmri_prep/mvmd/imfs/NDAR_INVEY681MZ7_run4.pkl
2025-11-11 09:04:03,987 - INFO - [NDAR_INVHW100CDA] Processing sub-NDARINVHW100CDA_task-restAP_run-01_space-MNI152NLin2009cAsym_res-2_desc-preproc_bold with shape (434, 488)
2025-11-11 09:04:21,716 - INFO - Saved decomposition → /cluster/home/herminea/mental_health_project/test/results/fmri_prep/mvmd/imfs/NDAR_INVHW100CDA_run1.pkl
2025-11-11 09:04:21,716 - INFO - [NDAR_INVHW100CDA] Processing sub-NDARINVHW100CDA_task-restAP_run-02_space-MNI152NLin2009cAsym_res-2_desc-preproc_bold with shape (434, 488)
2025-11-11 09:04:39,386 - INFO - Saved decomposition → /cluster/home/herminea/mental_health_project/test/results/fmri_prep/mvmd/imfs/NDAR_INVHW100CDA_run2.pkl
2025-11-11 09:04:39,387 - INFO - [NDAR_INVHW100CDA] Processing sub-NDARINVHW100CDA_task-restPA_run-01_space-MNI152NLin2009cAsym_res-2_desc-preproc_bold with shape (434, 488)
2025-11-11 09:04:56,473 - INFO - Saved decomposition → /cluster/home/herminea/mental_health_project/test/results/fmri_prep/mvmd/imfs/NDAR_INVHW100CDA_run3.pkl
2025-11-11 09:04:56,526 - INFO - [NDAR_INVTR059ATR] Processing sub-NDARINVTR059ATR_task-restAP_run-01_space-MNI152NLin2009cAsym_res-2_desc-preproc_bold with shape (434, 488)
2025-11-11 09:05:13,479 - INFO - Saved decomposition → /cluster/home/herminea/mental_health_project/test/results/fmri_prep/mvmd/imfs/NDAR_INVTR059ATR_run1.pkl
2025-11-11 09:05:13,479 - INFO - [NDAR_INVTR059ATR] Processing sub-NDARINVTR059ATR_task-restAP_run-02_space-MNI152NLin2009cAsym_res-2_desc-preproc_bold with shape (434, 488)
2025-11-11 09:05:31,065 - INFO - Saved decomposition → /cluster/home/herminea/mental_health_project/test/results/fmri_prep/mvmd/imfs/NDAR_INVTR059ATR_run2.pkl
2025-11-11 09:05:31,065 - INFO - [NDAR_INVTR059ATR] Processing sub-NDARINVTR059ATR_task-restPA_run-01_space-MNI152NLin2009cAsym_res-2_desc-preproc_bold with shape (434, 488)
2025-11-11 09:05:48,897 - INFO - Saved decomposition → /cluster/home/herminea/mental_health_project/test/results/fmri_prep/mvmd/imfs/NDAR_INVTR059ATR_run3.pkl
2025-11-11 09:05:48,897 - INFO - [NDAR_INVTR059ATR] Processing sub-NDARINVTR059ATR_task-restPA_run-02_space-MNI152NLin2009cAsym_res-2_desc-preproc_bold with shape (434, 488)
2025-11-11 09:06:07,126 - INFO - Saved decomposition → /cluster/home/herminea/mental_health_project/test/results/fmri_prep/mvmd/imfs/NDAR_INVTR059ATR_run4.pkl
2025-11-11 09:06:07,189 - INFO - [NDAR_INVRC807HPA] Processing sub-NDARINVRC807HPA_task-restAP_run-01_space-MNI152NLin2009cAsym_res-2_desc-preproc_bold with shape (434, 488)
2025-11-11 09:06:24,858 - INFO - Saved decomposition → /cluster/home/herminea/mental_health_project/test/results/fmri_prep/mvmd/imfs/NDAR_INVRC807HPA_run1.pkl
2025-11-11 09:06:24,858 - INFO - [NDAR_INVRC807HPA] Processing sub-NDARINVRC807HPA_task-restAP_run-02_space-MNI152NLin2009cAsym_res-2_desc-preproc_bold with shape (434, 488)
2025-11-11 09:06:43,144 - INFO - Saved decomposition → /cluster/home/herminea/mental_health_project/test/results/fmri_prep/mvmd/imfs/NDAR_INVRC807HPA_run2.pkl
2025-11-11 09:06:43,144 - INFO - [NDAR_INVRC807HPA] Processing sub-NDARINVRC807HPA_task-restPA_run-01_space-MNI152NLin2009cAsym_res-2_desc-preproc_bold with shape (434, 488)
2025-11-11 09:07:01,266 - INFO - Saved decomposition → /cluster/home/herminea/mental_health_project/test/results/fmri_prep/mvmd/imfs/NDAR_INVRC807HPA_run3.pkl
2025-11-11 09:07:01,266 - INFO - [NDAR_INVRC807HPA] Processing sub-NDARINVRC807HPA_task-restPA_run-02_space-MNI152NLin2009cAsym_res-2_desc-preproc_bold with shape (434, 488)
2025-11-11 09:07:19,483 - INFO - Saved decomposition → /cluster/home/herminea/mental_health_project/test/results/fmri_prep/mvmd/imfs/NDAR_INVRC807HPA_run4.pkl
2025-11-11 09:07:19,541 - INFO - [NDAR_INVUY799LKJ] Processing sub-NDARINVUY799LKJ_task-restAP_run-01_space-MNI152NLin2009cAsym_res-2_desc-preproc_bold with shape (434, 488)
2025-11-11 09:07:37,377 - INFO - Saved decomposition → /cluster/home/herminea/mental_health_project/test/results/fmri_prep/mvmd/imfs/NDAR_INVUY799LKJ_run1.pkl
2025-11-11 09:07:37,377 - INFO - [NDAR_INVUY799LKJ] Processing sub-NDARINVUY799LKJ_task-restAP_run-02_space-MNI152NLin2009cAsym_res-2_desc-preproc_bold with shape (434, 488)
2025-11-11 09:07:55,391 - INFO - Saved decomposition → /cluster/home/herminea/mental_health_project/test/results/fmri_prep/mvmd/imfs/NDAR_INVUY799LKJ_run2.pkl
2025-11-11 09:07:55,391 - INFO - [NDAR_INVUY799LKJ] Processing sub-NDARINVUY799LKJ_task-restPA_run-01_space-MNI152NLin2009cAsym_res-2_desc-preproc_bold with shape (434, 488)
2025-11-11 09:08:13,586 - INFO - Saved decomposition → /cluster/home/herminea/mental_health_project/test/results/fmri_prep/mvmd/imfs/NDAR_INVUY799LKJ_run3.pkl
2025-11-11 09:08:13,586 - INFO - [NDAR_INVUY799LKJ] Processing sub-NDARINVUY799LKJ_task-restPA_run-02_space-MNI152NLin2009cAsym_res-2_desc-preproc_bold with shape (434, 488)
2025-11-11 09:08:31,389 - INFO - Saved decomposition → /cluster/home/herminea/mental_health_project/test/results/fmri_prep/mvmd/imfs/NDAR_INVUY799LKJ_run4.pkl
2025-11-11 09:08:31,445 - INFO - [NDAR_INVKH279ZDZ] Processing sub-NDARINVKH279ZDZ_task-restAP_run-01_space-MNI152NLin2009cAsym_res-2_desc-preproc_bold with shape (434, 488)
2025-11-11 09:08:49,687 - INFO - Saved decomposition → /cluster/home/herminea/mental_health_project/test/results/fmri_prep/mvmd/imfs/NDAR_INVKH279ZDZ_run1.pkl
2025-11-11 09:08:49,687 - INFO - [NDAR_INVKH279ZDZ] Processing sub-NDARINVKH279ZDZ_task-restAP_run-02_space-MNI152NLin2009cAsym_res-2_desc-preproc_bold with shape (434, 488)
2025-11-11 09:09:08,120 - INFO - Saved decomposition → /cluster/home/herminea/mental_health_project/test/results/fmri_prep/mvmd/imfs/NDAR_INVKH279ZDZ_run2.pkl
2025-11-11 09:09:08,121 - INFO - [NDAR_INVKH279ZDZ] Processing sub-NDARINVKH279ZDZ_task-restPA_run-01_space-MNI152NLin2009cAsym_res-2_desc-preproc_bold with shape (434, 488)
2025-11-11 09:09:25,661 - INFO - Saved decomposition → /cluster/home/herminea/mental_health_project/test/results/fmri_prep/mvmd/imfs/NDAR_INVKH279ZDZ_run3.pkl
2025-11-11 09:09:25,661 - INFO - [NDAR_INVKH279ZDZ] Processing sub-NDARINVKH279ZDZ_task-restPA_run-02_space-MNI152NLin2009cAsym_res-2_desc-preproc_bold with shape (434, 488)
2025-11-11 09:09:43,285 - INFO - Saved decomposition → /cluster/home/herminea/mental_health_project/test/results/fmri_prep/mvmd/imfs/NDAR_INVKH279ZDZ_run4.pkl
2025-11-11 09:09:43,338 - INFO - [NDAR_INVVP179WTP] Processing sub-NDARINVVP179WTP_task-restAP_run-01_space-MNI152NLin2009cAsym_res-2_desc-preproc_bold with shape (434, 488)
2025-11-11 09:10:01,136 - INFO - Saved decomposition → /cluster/home/herminea/mental_health_project/test/results/fmri_prep/mvmd/imfs/NDAR_INVVP179WTP_run1.pkl
2025-11-11 09:10:01,136 - INFO - [NDAR_INVVP179WTP] Processing sub-NDARINVVP179WTP_task-restAP_run-02_space-MNI152NLin2009cAsym_res-2_desc-preproc_bold with shape (434, 488)
2025-11-11 09:10:18,324 - INFO - Saved decomposition → /cluster/home/herminea/mental_health_project/test/results/fmri_prep/mvmd/imfs/NDAR_INVVP179WTP_run2.pkl
2025-11-11 09:10:18,324 - INFO - [NDAR_INVVP179WTP] Processing sub-NDARINVVP179WTP_task-restPA_run-01_space-MNI152NLin2009cAsym_res-2_desc-preproc_bold with shape (434, 488)
2025-11-11 09:10:36,192 - INFO - Saved decomposition → /cluster/home/herminea/mental_health_project/test/results/fmri_prep/mvmd/imfs/NDAR_INVVP179WTP_run3.pkl
2025-11-11 09:10:36,193 - INFO - [NDAR_INVVP179WTP] Processing sub-NDARINVVP179WTP_task-restPA_run-02_space-MNI152NLin2009cAsym_res-2_desc-preproc_bold with shape (434, 488)
2025-11-11 09:10:53,862 - INFO - Saved decomposition → /cluster/home/herminea/mental_health_project/test/results/fmri_prep/mvmd/imfs/NDAR_INVVP179WTP_run4.pkl
2025-11-11 09:10:53,919 - INFO - [NDAR_INVUZ656BRT] Processing sub-NDARINVUZ656BRT_task-restAP_run-01_space-MNI152NLin2009cAsym_res-2_desc-preproc_bold with shape (434, 488)
2025-11-11 09:11:11,498 - INFO - Saved decomposition → /cluster/home/herminea/mental_health_project/test/results/fmri_prep/mvmd/imfs/NDAR_INVUZ656BRT_run1.pkl
2025-11-11 09:11:11,498 - INFO - [NDAR_INVUZ656BRT] Processing sub-NDARINVUZ656BRT_task-restAP_run-02_space-MNI152NLin2009cAsym_res-2_desc-preproc_bold with shape (434, 488)
2025-11-11 09:11:29,099 - INFO - Saved decomposition → /cluster/home/herminea/mental_health_project/test/results/fmri_prep/mvmd/imfs/NDAR_INVUZ656BRT_run2.pkl
2025-11-11 09:11:29,099 - INFO - [NDAR_INVUZ656BRT] Processing sub-NDARINVUZ656BRT_task-restPA_run-01_space-MNI152NLin2009cAsym_res-2_desc-preproc_bold with shape (434, 488)
2025-11-11 09:11:47,422 - INFO - Saved decomposition → /cluster/home/herminea/mental_health_project/test/results/fmri_prep/mvmd/imfs/NDAR_INVUZ656BRT_run3.pkl
2025-11-11 09:11:47,422 - INFO - [NDAR_INVUZ656BRT] Processing sub-NDARINVUZ656BRT_task-restPA_run-02_space-MNI152NLin2009cAsym_res-2_desc-preproc_bold with shape (434, 488)
2025-11-11 09:12:05,133 - INFO - Saved decomposition → /cluster/home/herminea/mental_health_project/test/results/fmri_prep/mvmd/imfs/NDAR_INVUZ656BRT_run4.pkl
2025-11-11 09:12:05,214 - INFO - [NDAR_INVXA261ZAL] Processing sub-NDARINVXA261ZAL_task-restAP_run-01_space-MNI152NLin2009cAsym_res-2_desc-preproc_bold with shape (434, 488)
2025-11-11 09:12:23,303 - INFO - Saved decomposition → /cluster/home/herminea/mental_health_project/test/results/fmri_prep/mvmd/imfs/NDAR_INVXA261ZAL_run1.pkl
2025-11-11 09:12:23,303 - INFO - [NDAR_INVXA261ZAL] Processing sub-NDARINVXA261ZAL_task-restAP_run-02_space-MNI152NLin2009cAsym_res-2_desc-preproc_bold with shape (434, 488)
2025-11-11 09:12:41,409 - INFO - Saved decomposition → /cluster/home/herminea/mental_health_project/test/results/fmri_prep/mvmd/imfs/NDAR_INVXA261ZAL_run2.pkl
2025-11-11 09:12:41,410 - INFO - [NDAR_INVXA261ZAL] Processing sub-NDARINVXA261ZAL_task-restPA_run-01_space-MNI152NLin2009cAsym_res-2_desc-preproc_bold with shape (434, 488)
2025-11-11 09:12:59,544 - INFO - Saved decomposition → /cluster/home/herminea/mental_health_project/test/results/fmri_prep/mvmd/imfs/NDAR_INVXA261ZAL_run3.pkl
2025-11-11 09:12:59,544 - INFO - [NDAR_INVXA261ZAL] Processing sub-NDARINVXA261ZAL_task-restPA_run-02_space-MNI152NLin2009cAsym_res-2_desc-preproc_bold with shape (434, 488)
2025-11-11 09:13:17,366 - INFO - Saved decomposition → /cluster/home/herminea/mental_health_project/test/results/fmri_prep/mvmd/imfs/NDAR_INVXA261ZAL_run4.pkl
2025-11-11 09:13:17,431 - INFO - [NDAR_INVRX371YHK] Processing sub-NDARINVRX371YHK_task-restAP_run-01_space-MNI152NLin2009cAsym_res-2_desc-preproc_bold with shape (434, 488)
2025-11-11 09:13:35,776 - INFO - Saved decomposition → /cluster/home/herminea/mental_health_project/test/results/fmri_prep/mvmd/imfs/NDAR_INVRX371YHK_run1.pkl
2025-11-11 09:13:35,776 - INFO - [NDAR_INVRX371YHK] Processing sub-NDARINVRX371YHK_task-restAP_run-02_space-MNI152NLin2009cAsym_res-2_desc-preproc_bold with shape (434, 488)
2025-11-11 09:13:54,106 - INFO - Saved decomposition → /cluster/home/herminea/mental_health_project/test/results/fmri_prep/mvmd/imfs/NDAR_INVRX371YHK_run2.pkl
2025-11-11 09:13:54,106 - INFO - [NDAR_INVRX371YHK] Processing sub-NDARINVRX371YHK_task-restPA_run-01_space-MNI152NLin2009cAsym_res-2_desc-preproc_bold with shape (434, 488)
2025-11-11 09:14:11,767 - INFO - Saved decomposition → /cluster/home/herminea/mental_health_project/test/results/fmri_prep/mvmd/imfs/NDAR_INVRX371YHK_run3.pkl
2025-11-11 09:14:11,767 - INFO - [NDAR_INVRX371YHK] Processing sub-NDARINVRX371YHK_task-restPA_run-02_space-MNI152NLin2009cAsym_res-2_desc-preproc_bold with shape (434, 488)
2025-11-11 09:14:29,288 - INFO - Saved decomposition → /cluster/home/herminea/mental_health_project/test/results/fmri_prep/mvmd/imfs/NDAR_INVRX371YHK_run4.pkl
2025-11-11 09:14:29,355 - INFO - [NDAR_INVWR872ZDB] Processing sub-NDARINVWR872ZDB_task-restAP_run-01_space-MNI152NLin2009cAsym_res-2_desc-preproc_bold with shape (434, 488)
2025-11-11 09:14:47,040 - INFO - Saved decomposition → /cluster/home/herminea/mental_health_project/test/results/fmri_prep/mvmd/imfs/NDAR_INVWR872ZDB_run1.pkl
2025-11-11 09:14:47,040 - INFO - [NDAR_INVWR872ZDB] Processing sub-NDARINVWR872ZDB_task-restAP_run-02_space-MNI152NLin2009cAsym_res-2_desc-preproc_bold with shape (434, 488)
2025-11-11 09:15:04,212 - INFO - Saved decomposition → /cluster/home/herminea/mental_health_project/test/results/fmri_prep/mvmd/imfs/NDAR_INVWR872ZDB_run2.pkl
2025-11-11 09:15:04,212 - INFO - [NDAR_INVWR872ZDB] Processing sub-NDARINVWR872ZDB_task-restPA_run-01_space-MNI152NLin2009cAsym_res-2_desc-preproc_bold with shape (434, 488)
2025-11-11 09:15:22,132 - INFO - Saved decomposition → /cluster/home/herminea/mental_health_project/test/results/fmri_prep/mvmd/imfs/NDAR_INVWR872ZDB_run3.pkl
2025-11-11 09:15:22,132 - INFO - [NDAR_INVWR872ZDB] Processing sub-NDARINVWR872ZDB_task-restPA_run-02_space-MNI152NLin2009cAsym_res-2_desc-preproc_bold with shape (434, 488)
2025-11-11 09:15:39,791 - INFO - Saved decomposition → /cluster/home/herminea/mental_health_project/test/results/fmri_prep/mvmd/imfs/NDAR_INVWR872ZDB_run4.pkl
2025-11-11 09:15:39,816 - INFO - [NDAR_INVZU586UPF] Processing sub-NDARINVZU586UPF_task-restAP_run-01_space-MNI152NLin2009cAsym_res-2_desc-preproc_bold with shape (434, 488)
2025-11-11 09:15:57,431 - INFO - Saved decomposition → /cluster/home/herminea/mental_health_project/test/results/fmri_prep/mvmd/imfs/NDAR_INVZU586UPF_run1.pkl
2025-11-11 09:15:57,431 - INFO - [NDAR_INVZU586UPF] Processing sub-NDARINVZU586UPF_task-restAP_run-02_space-MNI152NLin2009cAsym_res-2_desc-preproc_bold with shape (434, 488)
2025-11-11 09:16:14,954 - INFO - Saved decomposition → /cluster/home/herminea/mental_health_project/test/results/fmri_prep/mvmd/imfs/NDAR_INVZU586UPF_run2.pkl
2025-11-11 09:16:14,954 - INFO - [NDAR_INVZU586UPF] Processing sub-NDARINVZU586UPF_task-restPA_run-01_space-MNI152NLin2009cAsym_res-2_desc-preproc_bold with shape (434, 488)
2025-11-11 09:16:33,067 - INFO - Saved decomposition → /cluster/home/herminea/mental_health_project/test/results/fmri_prep/mvmd/imfs/NDAR_INVZU586UPF_run3.pkl
2025-11-11 09:16:33,067 - INFO - [NDAR_INVZU586UPF] Processing sub-NDARINVZU586UPF_task-restPA_run-02_space-MNI152NLin2009cAsym_res-2_desc-preproc_bold with shape (434, 488)
2025-11-11 09:16:50,697 - INFO - Saved decomposition → /cluster/home/herminea/mental_health_project/test/results/fmri_prep/mvmd/imfs/NDAR_INVZU586UPF_run4.pkl
2025-11-11 09:16:50,761 - INFO - [NDAR_INVNB949AXM] Processing sub-NDARINVNB949AXM_task-restAP_run-01_space-MNI152NLin2009cAsym_res-2_desc-preproc_bold with shape (434, 488)
2025-11-11 09:17:08,739 - INFO - Saved decomposition → /cluster/home/herminea/mental_health_project/test/results/fmri_prep/mvmd/imfs/NDAR_INVNB949AXM_run1.pkl
2025-11-11 09:17:08,739 - INFO - [NDAR_INVNB949AXM] Processing sub-NDARINVNB949AXM_task-restAP_run-02_space-MNI152NLin2009cAsym_res-2_desc-preproc_bold with shape (434, 488)
2025-11-11 09:17:26,683 - INFO - Saved decomposition → /cluster/home/herminea/mental_health_project/test/results/fmri_prep/mvmd/imfs/NDAR_INVNB949AXM_run2.pkl
2025-11-11 09:17:26,683 - INFO - [NDAR_INVNB949AXM] Processing sub-NDARINVNB949AXM_task-restPA_run-01_space-MNI152NLin2009cAsym_res-2_desc-preproc_bold with shape (434, 488)
2025-11-11 09:17:44,622 - INFO - Saved decomposition → /cluster/home/herminea/mental_health_project/test/results/fmri_prep/mvmd/imfs/NDAR_INVNB949AXM_run3.pkl
2025-11-11 09:17:44,622 - INFO - [NDAR_INVNB949AXM] Processing sub-NDARINVNB949AXM_task-restPA_run-02_space-MNI152NLin2009cAsym_res-2_desc-preproc_bold with shape (434, 488)
2025-11-11 09:18:02,282 - INFO - Saved decomposition → /cluster/home/herminea/mental_health_project/test/results/fmri_prep/mvmd/imfs/NDAR_INVNB949AXM_run4.pkl
2025-11-11 09:18:02,334 - INFO - [NDAR_INVJP751NXV] Processing sub-NDARINVJP751NXV_task-restAP_run-01_space-MNI152NLin2009cAsym_res-2_desc-preproc_bold with shape (434, 488)
2025-11-11 09:18:20,437 - INFO - Saved decomposition → /cluster/home/herminea/mental_health_project/test/results/fmri_prep/mvmd/imfs/NDAR_INVJP751NXV_run1.pkl
2025-11-11 09:18:20,438 - INFO - [NDAR_INVJP751NXV] Processing sub-NDARINVJP751NXV_task-restAP_run-02_space-MNI152NLin2009cAsym_res-2_desc-preproc_bold with shape (434, 488)
2025-11-11 09:18:38,591 - INFO - Saved decomposition → /cluster/home/herminea/mental_health_project/test/results/fmri_prep/mvmd/imfs/NDAR_INVJP751NXV_run2.pkl
2025-11-11 09:18:38,591 - INFO - [NDAR_INVJP751NXV] Processing sub-NDARINVJP751NXV_task-restPA_run-01_space-MNI152NLin2009cAsym_res-2_desc-preproc_bold with shape (434, 488)
2025-11-11 09:18:55,959 - INFO - Saved decomposition → /cluster/home/herminea/mental_health_project/test/results/fmri_prep/mvmd/imfs/NDAR_INVJP751NXV_run3.pkl
2025-11-11 09:18:55,959 - INFO - [NDAR_INVJP751NXV] Processing sub-NDARINVJP751NXV_task-restPA_run-02_space-MNI152NLin2009cAsym_res-2_desc-preproc_bold with shape (434, 488)
2025-11-11 09:19:13,407 - INFO - Saved decomposition → /cluster/home/herminea/mental_health_project/test/results/fmri_prep/mvmd/imfs/NDAR_INVJP751NXV_run4.pkl
2025-11-11 09:19:13,443 - INFO - [NDAR_INVZY232VM1] Processing sub-NDARINVZY232VM1_task-restAP_run-01_space-MNI152NLin2009cAsym_res-2_desc-preproc_bold with shape (434, 488)
2025-11-11 09:19:30,563 - INFO - Saved decomposition → /cluster/home/herminea/mental_health_project/test/results/fmri_prep/mvmd/imfs/NDAR_INVZY232VM1_run1.pkl
2025-11-11 09:19:30,564 - INFO - [NDAR_INVZY232VM1] Processing sub-NDARINVZY232VM1_task-restAP_run-02_space-MNI152NLin2009cAsym_res-2_desc-preproc_bold with shape (434, 488)
2025-11-11 09:19:48,251 - INFO - Saved decomposition → /cluster/home/herminea/mental_health_project/test/results/fmri_prep/mvmd/imfs/NDAR_INVZY232VM1_run2.pkl
2025-11-11 09:19:48,252 - INFO - [NDAR_INVZY232VM1] Processing sub-NDARINVZY232VM1_task-restPA_run-01_space-MNI152NLin2009cAsym_res-2_desc-preproc_bold with shape (434, 488)
2025-11-11 09:20:05,605 - INFO - Saved decomposition → /cluster/home/herminea/mental_health_project/test/results/fmri_prep/mvmd/imfs/NDAR_INVZY232VM1_run3.pkl
2025-11-11 09:20:05,605 - INFO - [NDAR_INVZY232VM1] Processing sub-NDARINVZY232VM1_task-restPA_run-02_space-MNI152NLin2009cAsym_res-2_desc-preproc_bold with shape (434, 488)
2025-11-11 09:20:22,610 - INFO - Saved decomposition → /cluster/home/herminea/mental_health_project/test/results/fmri_prep/mvmd/imfs/NDAR_INVZY232VM1_run4.pkl
2025-11-11 09:20:22,655 - INFO - [NDAR_INVDP288XND] Processing sub-NDARINVDP288XND_task-restAP_run-01_space-MNI152NLin2009cAsym_res-2_desc-preproc_bold with shape (434, 488)
2025-11-11 09:20:40,100 - INFO - Saved decomposition → /cluster/home/herminea/mental_health_project/test/results/fmri_prep/mvmd/imfs/NDAR_INVDP288XND_run1.pkl
2025-11-11 09:20:40,100 - INFO - [NDAR_INVDP288XND] Processing sub-NDARINVDP288XND_task-restAP_run-02_space-MNI152NLin2009cAsym_res-2_desc-preproc_bold with shape (434, 488)
2025-11-11 09:20:57,575 - INFO - Saved decomposition → /cluster/home/herminea/mental_health_project/test/results/fmri_prep/mvmd/imfs/NDAR_INVDP288XND_run2.pkl
2025-11-11 09:20:57,575 - INFO - [NDAR_INVDP288XND] Processing sub-NDARINVDP288XND_task-restPA_run-01_space-MNI152NLin2009cAsym_res-2_desc-preproc_bold with shape (434, 488)
2025-11-11 09:21:15,564 - INFO - Saved decomposition → /cluster/home/herminea/mental_health_project/test/results/fmri_prep/mvmd/imfs/NDAR_INVDP288XND_run3.pkl
2025-11-11 09:21:15,564 - INFO - [NDAR_INVDP288XND] Processing sub-NDARINVDP288XND_task-restPA_run-02_space-MNI152NLin2009cAsym_res-2_desc-preproc_bold with shape (434, 488)
2025-11-11 09:21:32,883 - INFO - Saved decomposition → /cluster/home/herminea/mental_health_project/test/results/fmri_prep/mvmd/imfs/NDAR_INVDP288XND_run4.pkl
2025-11-11 09:21:32,889 - INFO - [NDAR_INVBL733HBP] Processing sub-NDARINVBL733HBP_task-restAP_run-01_space-MNI152NLin2009cAsym_res-2_desc-preproc_bold with shape (434, 488)
2025-11-11 09:21:50,341 - INFO - Saved decomposition → /cluster/home/herminea/mental_health_project/test/results/fmri_prep/mvmd/imfs/NDAR_INVBL733HBP_run1.pkl
2025-11-11 09:21:50,341 - INFO - [NDAR_INVBL733HBP] Processing sub-NDARINVBL733HBP_task-restAP_run-02_space-MNI152NLin2009cAsym_res-2_desc-preproc_bold with shape (434, 488)
2025-11-11 09:22:08,135 - INFO - Saved decomposition → /cluster/home/herminea/mental_health_project/test/results/fmri_prep/mvmd/imfs/NDAR_INVBL733HBP_run2.pkl
2025-11-11 09:22:08,135 - INFO - [NDAR_INVBL733HBP] Processing sub-NDARINVBL733HBP_task-restPA_run-01_space-MNI152NLin2009cAsym_res-2_desc-preproc_bold with shape (434, 488)
2025-11-11 09:22:25,582 - INFO - Saved decomposition → /cluster/home/herminea/mental_health_project/test/results/fmri_prep/mvmd/imfs/NDAR_INVBL733HBP_run3.pkl
2025-11-11 09:22:25,582 - INFO - [NDAR_INVBL733HBP] Processing sub-NDARINVBL733HBP_task-restPA_run-02_space-MNI152NLin2009cAsym_res-2_desc-preproc_bold with shape (434, 488)
2025-11-11 09:22:42,851 - INFO - Saved decomposition → /cluster/home/herminea/mental_health_project/test/results/fmri_prep/mvmd/imfs/NDAR_INVBL733HBP_run4.pkl
2025-11-11 09:22:42,887 - INFO - [NDAR_INVDK220VPQ] Processing sub-NDARINVDK220VPQ_task-restAP_run-01_space-MNI152NLin2009cAsym_res-2_desc-preproc_bold with shape (434, 488)
2025-11-11 09:23:00,318 - INFO - Saved decomposition → /cluster/home/herminea/mental_health_project/test/results/fmri_prep/mvmd/imfs/NDAR_INVDK220VPQ_run1.pkl
2025-11-11 09:23:00,318 - INFO - [NDAR_INVDK220VPQ] Processing sub-NDARINVDK220VPQ_task-restAP_run-02_space-MNI152NLin2009cAsym_res-2_desc-preproc_bold with shape (434, 488)
2025-11-11 09:23:17,585 - INFO - Saved decomposition → /cluster/home/herminea/mental_health_project/test/results/fmri_prep/mvmd/imfs/NDAR_INVDK220VPQ_run2.pkl
2025-11-11 09:23:17,585 - INFO - [NDAR_INVDK220VPQ] Processing sub-NDARINVDK220VPQ_task-restPA_run-01_space-MNI152NLin2009cAsym_res-2_desc-preproc_bold with shape (434, 488)
2025-11-11 09:23:35,555 - INFO - Saved decomposition → /cluster/home/herminea/mental_health_project/test/results/fmri_prep/mvmd/imfs/NDAR_INVDK220VPQ_run3.pkl
2025-11-11 09:23:35,556 - INFO - [NDAR_INVDK220VPQ] Processing sub-NDARINVDK220VPQ_task-restPA_run-02_space-MNI152NLin2009cAsym_res-2_desc-preproc_bold with shape (434, 488)
2025-11-11 09:23:53,111 - INFO - Saved decomposition → /cluster/home/herminea/mental_health_project/test/results/fmri_prep/mvmd/imfs/NDAR_INVDK220VPQ_run4.pkl
2025-11-11 09:23:53,163 - INFO - [NDAR_INVJT253NWQ] Processing sub-NDARINVJT253NWQ_task-restAP_run-01_space-MNI152NLin2009cAsym_res-2_desc-preproc_bold with shape (434, 488)
2025-11-11 09:24:11,222 - INFO - Saved decomposition → /cluster/home/herminea/mental_health_project/test/results/fmri_prep/mvmd/imfs/NDAR_INVJT253NWQ_run1.pkl
2025-11-11 09:24:11,222 - INFO - [NDAR_INVJT253NWQ] Processing sub-NDARINVJT253NWQ_task-restPA_run-01_space-MNI152NLin2009cAsym_res-2_desc-preproc_bold with shape (434, 488)
2025-11-11 09:24:28,389 - INFO - Saved decomposition → /cluster/home/herminea/mental_health_project/test/results/fmri_prep/mvmd/imfs/NDAR_INVJT253NWQ_run2.pkl
2025-11-11 09:24:28,472 - INFO - [NDAR_INVZB896FPZ] Processing sub-NDARINVZB896FPZ_task-restAP_run-01_space-MNI152NLin2009cAsym_res-2_desc-preproc_bold with shape (434, 488)
2025-11-11 09:24:45,909 - INFO - Saved decomposition → /cluster/home/herminea/mental_health_project/test/results/fmri_prep/mvmd/imfs/NDAR_INVZB896FPZ_run1.pkl
2025-11-11 09:24:45,910 - INFO - [NDAR_INVZB896FPZ] Processing sub-NDARINVZB896FPZ_task-restAP_run-02_space-MNI152NLin2009cAsym_res-2_desc-preproc_bold with shape (434, 488)
2025-11-11 09:25:03,010 - INFO - Saved decomposition → /cluster/home/herminea/mental_health_project/test/results/fmri_prep/mvmd/imfs/NDAR_INVZB896FPZ_run2.pkl
2025-11-11 09:25:03,010 - INFO - [NDAR_INVZB896FPZ] Processing sub-NDARINVZB896FPZ_task-restPA_run-01_space-MNI152NLin2009cAsym_res-2_desc-preproc_bold with shape (434, 488)
2025-11-11 09:25:21,011 - INFO - Saved decomposition → /cluster/home/herminea/mental_health_project/test/results/fmri_prep/mvmd/imfs/NDAR_INVZB896FPZ_run3.pkl
2025-11-11 09:25:21,011 - INFO - [NDAR_INVZB896FPZ] Processing sub-NDARINVZB896FPZ_task-restPA_run-02_space-MNI152NLin2009cAsym_res-2_desc-preproc_bold with shape (434, 488)
2025-11-11 09:25:38,572 - INFO - Saved decomposition → /cluster/home/herminea/mental_health_project/test/results/fmri_prep/mvmd/imfs/NDAR_INVZB896FPZ_run4.pkl
2025-11-11 09:25:38,646 - INFO - [NDAR_INVXJ707NAE] Processing sub-NDARINVXJ707NAE_task-restAP_run-01_space-MNI152NLin2009cAsym_res-2_desc-preproc_bold with shape (434, 488)
2025-11-11 09:25:56,806 - INFO - Saved decomposition → /cluster/home/herminea/mental_health_project/test/results/fmri_prep/mvmd/imfs/NDAR_INVXJ707NAE_run1.pkl
2025-11-11 09:25:56,806 - INFO - [NDAR_INVXJ707NAE] Processing sub-NDARINVXJ707NAE_task-restAP_run-02_space-MNI152NLin2009cAsym_res-2_desc-preproc_bold with shape (434, 488)
2025-11-11 09:26:14,218 - INFO - Saved decomposition → /cluster/home/herminea/mental_health_project/test/results/fmri_prep/mvmd/imfs/NDAR_INVXJ707NAE_run2.pkl
2025-11-11 09:26:14,218 - INFO - [NDAR_INVXJ707NAE] Processing sub-NDARINVXJ707NAE_task-restPA_run-01_space-MNI152NLin2009cAsym_res-2_desc-preproc_bold with shape (434, 488)
2025-11-11 09:26:32,013 - INFO - Saved decomposition → /cluster/home/herminea/mental_health_project/test/results/fmri_prep/mvmd/imfs/NDAR_INVXJ707NAE_run3.pkl
2025-11-11 09:26:32,013 - INFO - [NDAR_INVXJ707NAE] Processing sub-NDARINVXJ707NAE_task-restPA_run-02_space-MNI152NLin2009cAsym_res-2_desc-preproc_bold with shape (434, 488)
2025-11-11 09:26:49,735 - INFO - Saved decomposition → /cluster/home/herminea/mental_health_project/test/results/fmri_prep/mvmd/imfs/NDAR_INVXJ707NAE_run4.pkl
2025-11-11 09:26:49,794 - INFO - [NDAR_INVWL810FRT] Processing sub-NDARINVWL810FRT_task-restAP_run-01_space-MNI152NLin2009cAsym_res-2_desc-preproc_bold with shape (434, 488)
2025-11-11 09:27:07,176 - INFO - Saved decomposition → /cluster/home/herminea/mental_health_project/test/results/fmri_prep/mvmd/imfs/NDAR_INVWL810FRT_run1.pkl
2025-11-11 09:27:07,177 - INFO - [NDAR_INVWL810FRT] Processing sub-NDARINVWL810FRT_task-restAP_run-02_space-MNI152NLin2009cAsym_res-2_desc-preproc_bold with shape (434, 488)
2025-11-11 09:27:24,817 - INFO - Saved decomposition → /cluster/home/herminea/mental_health_project/test/results/fmri_prep/mvmd/imfs/NDAR_INVWL810FRT_run2.pkl
2025-11-11 09:27:24,817 - INFO - [NDAR_INVWL810FRT] Processing sub-NDARINVWL810FRT_task-restPA_run-01_space-MNI152NLin2009cAsym_res-2_desc-preproc_bold with shape (434, 488)
2025-11-11 09:27:41,742 - INFO - Saved decomposition → /cluster/home/herminea/mental_health_project/test/results/fmri_prep/mvmd/imfs/NDAR_INVWL810FRT_run3.pkl
2025-11-11 09:27:41,742 - INFO - [NDAR_INVWL810FRT] Processing sub-NDARINVWL810FRT_task-restPA_run-02_space-MNI152NLin2009cAsym_res-2_desc-preproc_bold with shape (434, 488)
2025-11-11 09:27:59,846 - INFO - Saved decomposition → /cluster/home/herminea/mental_health_project/test/results/fmri_prep/mvmd/imfs/NDAR_INVWL810FRT_run4.pkl
2025-11-11 09:27:59,901 - INFO - [NDAR_INVWE937RD6] Processing sub-NDARINVWE937RD6_task-restAP_run-01_space-MNI152NLin2009cAsym_res-2_desc-preproc_bold with shape (434, 488)
2025-11-11 09:28:17,935 - INFO - Saved decomposition → /cluster/home/herminea/mental_health_project/test/results/fmri_prep/mvmd/imfs/NDAR_INVWE937RD6_run1.pkl
2025-11-11 09:28:17,935 - INFO - [NDAR_INVWE937RD6] Processing sub-NDARINVWE937RD6_task-restAP_run-02_space-MNI152NLin2009cAsym_res-2_desc-preproc_bold with shape (434, 488)
2025-11-11 09:28:35,782 - INFO - Saved decomposition → /cluster/home/herminea/mental_health_project/test/results/fmri_prep/mvmd/imfs/NDAR_INVWE937RD6_run2.pkl
2025-11-11 09:28:35,783 - INFO - [NDAR_INVWE937RD6] Processing sub-NDARINVWE937RD6_task-restPA_run-01_space-MNI152NLin2009cAsym_res-2_desc-preproc_bold with shape (434, 488)
2025-11-11 09:28:53,992 - INFO - Saved decomposition → /cluster/home/herminea/mental_health_project/test/results/fmri_prep/mvmd/imfs/NDAR_INVWE937RD6_run3.pkl
2025-11-11 09:28:53,992 - INFO - [NDAR_INVWE937RD6] Processing sub-NDARINVWE937RD6_task-restPA_run-02_space-MNI152NLin2009cAsym_res-2_desc-preproc_bold with shape (434, 488)
2025-11-11 09:29:11,843 - INFO - Saved decomposition → /cluster/home/herminea/mental_health_project/test/results/fmri_prep/mvmd/imfs/NDAR_INVWE937RD6_run4.pkl
2025-11-11 09:29:11,897 - INFO - [NDAR_INVKX727WL8] Processing sub-NDARINVKX727WL8_task-restAP_run-01_space-MNI152NLin2009cAsym_res-2_desc-preproc_bold with shape (434, 488)
2025-11-11 09:29:29,207 - INFO - Saved decomposition → /cluster/home/herminea/mental_health_project/test/results/fmri_prep/mvmd/imfs/NDAR_INVKX727WL8_run1.pkl
2025-11-11 09:29:29,207 - INFO - [NDAR_INVKX727WL8] Processing sub-NDARINVKX727WL8_task-restAP_run-02_space-MNI152NLin2009cAsym_res-2_desc-preproc_bold with shape (434, 488)
2025-11-11 09:29:46,641 - INFO - Saved decomposition → /cluster/home/herminea/mental_health_project/test/results/fmri_prep/mvmd/imfs/NDAR_INVKX727WL8_run2.pkl
2025-11-11 09:29:46,641 - INFO - [NDAR_INVKX727WL8] Processing sub-NDARINVKX727WL8_task-restPA_run-01_space-MNI152NLin2009cAsym_res-2_desc-preproc_bold with shape (434, 488)
2025-11-11 09:30:04,754 - INFO - Saved decomposition → /cluster/home/herminea/mental_health_project/test/results/fmri_prep/mvmd/imfs/NDAR_INVKX727WL8_run3.pkl
2025-11-11 09:30:04,754 - INFO - [NDAR_INVKX727WL8] Processing sub-NDARINVKX727WL8_task-restPA_run-02_space-MNI152NLin2009cAsym_res-2_desc-preproc_bold with shape (434, 488)
2025-11-11 09:30:22,451 - INFO - Saved decomposition → /cluster/home/herminea/mental_health_project/test/results/fmri_prep/mvmd/imfs/NDAR_INVKX727WL8_run4.pkl
2025-11-11 09:30:22,507 - INFO - [NDAR_INVDC524THW] Processing sub-NDARINVDC524THW_task-restAP_run-01_space-MNI152NLin2009cAsym_res-2_desc-preproc_bold with shape (434, 488)
2025-11-11 09:30:40,588 - INFO - Saved decomposition → /cluster/home/herminea/mental_health_project/test/results/fmri_prep/mvmd/imfs/NDAR_INVDC524THW_run1.pkl
2025-11-11 09:30:40,588 - INFO - [NDAR_INVDC524THW] Processing sub-NDARINVDC524THW_task-restAP_run-02_space-MNI152NLin2009cAsym_res-2_desc-preproc_bold with shape (434, 488)
2025-11-11 09:30:57,856 - INFO - Saved decomposition → /cluster/home/herminea/mental_health_project/test/results/fmri_prep/mvmd/imfs/NDAR_INVDC524THW_run2.pkl
2025-11-11 09:30:57,856 - INFO - [NDAR_INVDC524THW] Processing sub-NDARINVDC524THW_task-restPA_run-01_space-MNI152NLin2009cAsym_res-2_desc-preproc_bold with shape (434, 488)
2025-11-11 09:31:15,694 - INFO - Saved decomposition → /cluster/home/herminea/mental_health_project/test/results/fmri_prep/mvmd/imfs/NDAR_INVDC524THW_run3.pkl
2025-11-11 09:31:15,694 - INFO - [NDAR_INVDC524THW] Processing sub-NDARINVDC524THW_task-restPA_run-02_space-MNI152NLin2009cAsym_res-2_desc-preproc_bold with shape (434, 488)
2025-11-11 09:31:33,462 - INFO - Saved decomposition → /cluster/home/herminea/mental_health_project/test/results/fmri_prep/mvmd/imfs/NDAR_INVDC524THW_run4.pkl
2025-11-11 09:31:33,527 - INFO - [NDAR_INVKH965NN0] Processing sub-NDARINVKH965NN0_task-restAP_run-01_space-MNI152NLin2009cAsym_res-2_desc-preproc_bold with shape (434, 488)
2025-11-11 09:31:50,975 - INFO - Saved decomposition → /cluster/home/herminea/mental_health_project/test/results/fmri_prep/mvmd/imfs/NDAR_INVKH965NN0_run1.pkl
2025-11-11 09:31:50,976 - INFO - [NDAR_INVKH965NN0] Processing sub-NDARINVKH965NN0_task-restAP_run-02_space-MNI152NLin2009cAsym_res-2_desc-preproc_bold with shape (434, 488)
2025-11-11 09:32:08,840 - INFO - Saved decomposition → /cluster/home/herminea/mental_health_project/test/results/fmri_prep/mvmd/imfs/NDAR_INVKH965NN0_run2.pkl
2025-11-11 09:32:08,840 - INFO - [NDAR_INVKH965NN0] Processing sub-NDARINVKH965NN0_task-restPA_run-01_space-MNI152NLin2009cAsym_res-2_desc-preproc_bold with shape (434, 488)
2025-11-11 09:32:26,119 - INFO - Saved decomposition → /cluster/home/herminea/mental_health_project/test/results/fmri_prep/mvmd/imfs/NDAR_INVKH965NN0_run3.pkl
2025-11-11 09:32:26,119 - INFO - [NDAR_INVKH965NN0] Processing sub-NDARINVKH965NN0_task-restPA_run-02_space-MNI152NLin2009cAsym_res-2_desc-preproc_bold with shape (434, 488)
2025-11-11 09:32:44,378 - INFO - Saved decomposition → /cluster/home/herminea/mental_health_project/test/results/fmri_prep/mvmd/imfs/NDAR_INVKH965NN0_run4.pkl
2025-11-11 09:32:44,430 - INFO - [NDAR_INVFW143KVU] Processing sub-NDARINVFW143KVU_task-restAP_run-01_space-MNI152NLin2009cAsym_res-2_desc-preproc_bold with shape (434, 488)
2025-11-11 09:33:02,626 - INFO - Saved decomposition → /cluster/home/herminea/mental_health_project/test/results/fmri_prep/mvmd/imfs/NDAR_INVFW143KVU_run1.pkl
2025-11-11 09:33:02,626 - INFO - [NDAR_INVFW143KVU] Processing sub-NDARINVFW143KVU_task-restAP_run-02_space-MNI152NLin2009cAsym_res-2_desc-preproc_bold with shape (434, 488)
2025-11-11 09:33:20,625 - INFO - Saved decomposition → /cluster/home/herminea/mental_health_project/test/results/fmri_prep/mvmd/imfs/NDAR_INVFW143KVU_run2.pkl
2025-11-11 09:33:20,625 - INFO - [NDAR_INVFW143KVU] Processing sub-NDARINVFW143KVU_task-restPA_run-01_space-MNI152NLin2009cAsym_res-2_desc-preproc_bold with shape (434, 488)
2025-11-11 09:33:38,991 - INFO - Saved decomposition → /cluster/home/herminea/mental_health_project/test/results/fmri_prep/mvmd/imfs/NDAR_INVFW143KVU_run3.pkl
2025-11-11 09:33:38,991 - INFO - [NDAR_INVFW143KVU] Processing sub-NDARINVFW143KVU_task-restPA_run-02_space-MNI152NLin2009cAsym_res-2_desc-preproc_bold with shape (434, 488)
2025-11-11 09:33:57,025 - INFO - Saved decomposition → /cluster/home/herminea/mental_health_project/test/results/fmri_prep/mvmd/imfs/NDAR_INVFW143KVU_run4.pkl
2025-11-11 09:33:57,099 - INFO - [NDAR_INVGN082RP7] Processing sub-NDARINVGN082RP7_task-restAP_run-01_space-MNI152NLin2009cAsym_res-2_desc-preproc_bold with shape (434, 488)
2025-11-11 09:34:14,622 - INFO - Saved decomposition → /cluster/home/herminea/mental_health_project/test/results/fmri_prep/mvmd/imfs/NDAR_INVGN082RP7_run1.pkl
2025-11-11 09:34:14,622 - INFO - [NDAR_INVGN082RP7] Processing sub-NDARINVGN082RP7_task-restAP_run-02_space-MNI152NLin2009cAsym_res-2_desc-preproc_bold with shape (434, 488)
2025-11-11 09:34:32,243 - INFO - Saved decomposition → /cluster/home/herminea/mental_health_project/test/results/fmri_prep/mvmd/imfs/NDAR_INVGN082RP7_run2.pkl
2025-11-11 09:34:32,244 - INFO - [NDAR_INVGN082RP7] Processing sub-NDARINVGN082RP7_task-restPA_run-01_space-MNI152NLin2009cAsym_res-2_desc-preproc_bold with shape (434, 488)
2025-11-11 09:34:50,514 - INFO - Saved decomposition → /cluster/home/herminea/mental_health_project/test/results/fmri_prep/mvmd/imfs/NDAR_INVGN082RP7_run3.pkl
2025-11-11 09:34:50,514 - INFO - [NDAR_INVGN082RP7] Processing sub-NDARINVGN082RP7_task-restPA_run-02_space-MNI152NLin2009cAsym_res-2_desc-preproc_bold with shape (434, 488)
2025-11-11 09:35:08,353 - INFO - Saved decomposition → /cluster/home/herminea/mental_health_project/test/results/fmri_prep/mvmd/imfs/NDAR_INVGN082RP7_run4.pkl
2025-11-11 09:35:08,388 - INFO - [NDAR_INVXM223BAP] Processing sub-NDARINVXM223BAP_task-restAP_run-01_space-MNI152NLin2009cAsym_res-2_desc-preproc_bold with shape (434, 488)
2025-11-11 09:35:26,398 - INFO - Saved decomposition → /cluster/home/herminea/mental_health_project/test/results/fmri_prep/mvmd/imfs/NDAR_INVXM223BAP_run1.pkl
2025-11-11 09:35:26,398 - INFO - [NDAR_INVXM223BAP] Processing sub-NDARINVXM223BAP_task-restAP_run-02_space-MNI152NLin2009cAsym_res-2_desc-preproc_bold with shape (434, 488)
2025-11-11 09:35:43,722 - INFO - Saved decomposition → /cluster/home/herminea/mental_health_project/test/results/fmri_prep/mvmd/imfs/NDAR_INVXM223BAP_run2.pkl
2025-11-11 09:35:43,722 - INFO - [NDAR_INVXM223BAP] Processing sub-NDARINVXM223BAP_task-restPA_run-01_space-MNI152NLin2009cAsym_res-2_desc-preproc_bold with shape (434, 488)
2025-11-11 09:36:01,555 - INFO - Saved decomposition → /cluster/home/herminea/mental_health_project/test/results/fmri_prep/mvmd/imfs/NDAR_INVXM223BAP_run3.pkl
2025-11-11 09:36:01,555 - INFO - [NDAR_INVXM223BAP] Processing sub-NDARINVXM223BAP_task-restPA_run-02_space-MNI152NLin2009cAsym_res-2_desc-preproc_bold with shape (434, 488)
2025-11-11 09:36:19,285 - INFO - Saved decomposition → /cluster/home/herminea/mental_health_project/test/results/fmri_prep/mvmd/imfs/NDAR_INVXM223BAP_run4.pkl
2025-11-11 09:36:19,317 - INFO - [NDAR_INVDD155BRR] Processing sub-NDARINVDD155BRR_task-restAP_run-01_space-MNI152NLin2009cAsym_res-2_desc-preproc_bold with shape (434, 488)
2025-11-11 09:36:36,734 - INFO - Saved decomposition → /cluster/home/herminea/mental_health_project/test/results/fmri_prep/mvmd/imfs/NDAR_INVDD155BRR_run1.pkl
2025-11-11 09:36:36,735 - INFO - [NDAR_INVDD155BRR] Processing sub-NDARINVDD155BRR_task-restAP_run-02_space-MNI152NLin2009cAsym_res-2_desc-preproc_bold with shape (434, 488)
2025-11-11 09:36:54,410 - INFO - Saved decomposition → /cluster/home/herminea/mental_health_project/test/results/fmri_prep/mvmd/imfs/NDAR_INVDD155BRR_run2.pkl
2025-11-11 09:36:54,410 - INFO - [NDAR_INVDD155BRR] Processing sub-NDARINVDD155BRR_task-restPA_run-01_space-MNI152NLin2009cAsym_res-2_desc-preproc_bold with shape (434, 488)
2025-11-11 09:37:11,515 - INFO - Saved decomposition → /cluster/home/herminea/mental_health_project/test/results/fmri_prep/mvmd/imfs/NDAR_INVDD155BRR_run3.pkl
2025-11-11 09:37:11,515 - INFO - [NDAR_INVDD155BRR] Processing sub-NDARINVDD155BRR_task-restPA_run-02_space-MNI152NLin2009cAsym_res-2_desc-preproc_bold with shape (434, 488)
2025-11-11 09:37:29,594 - INFO - Saved decomposition → /cluster/home/herminea/mental_health_project/test/results/fmri_prep/mvmd/imfs/NDAR_INVDD155BRR_run4.pkl
2025-11-11 09:37:29,669 - INFO - [NDAR_INVPG675JPX] Processing sub-NDARINVPG675JPX_task-restAP_run-01_space-MNI152NLin2009cAsym_res-2_desc-preproc_bold with shape (434, 488)
2025-11-11 09:37:47,848 - INFO - Saved decomposition → /cluster/home/herminea/mental_health_project/test/results/fmri_prep/mvmd/imfs/NDAR_INVPG675JPX_run1.pkl
2025-11-11 09:37:47,848 - INFO - [NDAR_INVPG675JPX] Processing sub-NDARINVPG675JPX_task-restAP_run-02_space-MNI152NLin2009cAsym_res-2_desc-preproc_bold with shape (434, 488)
2025-11-11 09:38:05,872 - INFO - Saved decomposition → /cluster/home/herminea/mental_health_project/test/results/fmri_prep/mvmd/imfs/NDAR_INVPG675JPX_run2.pkl
2025-11-11 09:38:05,873 - INFO - [NDAR_INVPG675JPX] Processing sub-NDARINVPG675JPX_task-restPA_run-01_space-MNI152NLin2009cAsym_res-2_desc-preproc_bold with shape (434, 488)
2025-11-11 09:38:24,235 - INFO - Saved decomposition → /cluster/home/herminea/mental_health_project/test/results/fmri_prep/mvmd/imfs/NDAR_INVPG675JPX_run3.pkl
2025-11-11 09:38:24,236 - INFO - [NDAR_INVPG675JPX] Processing sub-NDARINVPG675JPX_task-restPA_run-02_space-MNI152NLin2009cAsym_res-2_desc-preproc_bold with shape (434, 488)
2025-11-11 09:38:42,265 - INFO - Saved decomposition → /cluster/home/herminea/mental_health_project/test/results/fmri_prep/mvmd/imfs/NDAR_INVPG675JPX_run4.pkl
2025-11-11 09:38:42,270 - INFO - [NDAR_INVAL101MH2] Processing sub-NDARINVAL101MH2_task-restAP_run-01_space-MNI152NLin2009cAsym_res-2_desc-preproc_bold with shape (434, 488)
2025-11-11 09:38:59,773 - INFO - Saved decomposition → /cluster/home/herminea/mental_health_project/test/results/fmri_prep/mvmd/imfs/NDAR_INVAL101MH2_run1.pkl
2025-11-11 09:38:59,773 - INFO - [NDAR_INVAL101MH2] Processing sub-NDARINVAL101MH2_task-restAP_run-02_space-MNI152NLin2009cAsym_res-2_desc-preproc_bold with shape (434, 488)
2025-11-11 09:39:17,408 - INFO - Saved decomposition → /cluster/home/herminea/mental_health_project/test/results/fmri_prep/mvmd/imfs/NDAR_INVAL101MH2_run2.pkl
2025-11-11 09:39:17,408 - INFO - [NDAR_INVAL101MH2] Processing sub-NDARINVAL101MH2_task-restPA_run-01_space-MNI152NLin2009cAsym_res-2_desc-preproc_bold with shape (434, 488)
2025-11-11 09:39:35,675 - INFO - Saved decomposition → /cluster/home/herminea/mental_health_project/test/results/fmri_prep/mvmd/imfs/NDAR_INVAL101MH2_run3.pkl
2025-11-11 09:39:35,675 - INFO - [NDAR_INVAL101MH2] Processing sub-NDARINVAL101MH2_task-restPA_run-02_space-MNI152NLin2009cAsym_res-2_desc-preproc_bold with shape (434, 488)
2025-11-11 09:39:53,562 - INFO - Saved decomposition → /cluster/home/herminea/mental_health_project/test/results/fmri_prep/mvmd/imfs/NDAR_INVAL101MH2_run4.pkl
2025-11-11 09:39:53,675 - INFO - [NDAR_INVKD900ED7] Processing sub-NDARINVKD900ED7_task-restAP_run-01_space-MNI152NLin2009cAsym_res-2_desc-preproc_bold with shape (434, 488)
2025-11-11 09:40:11,891 - INFO - Saved decomposition → /cluster/home/herminea/mental_health_project/test/results/fmri_prep/mvmd/imfs/NDAR_INVKD900ED7_run1.pkl
2025-11-11 09:40:11,891 - INFO - [NDAR_INVKD900ED7] Processing sub-NDARINVKD900ED7_task-restAP_run-02_space-MNI152NLin2009cAsym_res-2_desc-preproc_bold with shape (434, 488)
2025-11-11 09:40:29,384 - INFO - Saved decomposition → /cluster/home/herminea/mental_health_project/test/results/fmri_prep/mvmd/imfs/NDAR_INVKD900ED7_run2.pkl
2025-11-11 09:40:29,384 - INFO - [NDAR_INVKD900ED7] Processing sub-NDARINVKD900ED7_task-restPA_run-01_space-MNI152NLin2009cAsym_res-2_desc-preproc_bold with shape (434, 488)
2025-11-11 09:40:47,384 - INFO - Saved decomposition → /cluster/home/herminea/mental_health_project/test/results/fmri_prep/mvmd/imfs/NDAR_INVKD900ED7_run3.pkl
2025-11-11 09:40:47,384 - INFO - [NDAR_INVKD900ED7] Processing sub-NDARINVKD900ED7_task-restPA_run-02_space-MNI152NLin2009cAsym_res-2_desc-preproc_bold with shape (434, 488)
2025-11-11 09:41:05,310 - INFO - Saved decomposition → /cluster/home/herminea/mental_health_project/test/results/fmri_prep/mvmd/imfs/NDAR_INVKD900ED7_run4.pkl
2025-11-11 09:41:05,381 - INFO - [NDAR_INVHG032NYJ] Processing sub-NDARINVHG032NYJ_task-restAP_run-01_space-MNI152NLin2009cAsym_res-2_desc-preproc_bold with shape (434, 488)
2025-11-11 09:41:22,805 - INFO - Saved decomposition → /cluster/home/herminea/mental_health_project/test/results/fmri_prep/mvmd/imfs/NDAR_INVHG032NYJ_run1.pkl
2025-11-11 09:41:22,806 - INFO - [NDAR_INVHG032NYJ] Processing sub-NDARINVHG032NYJ_task-restAP_run-02_space-MNI152NLin2009cAsym_res-2_desc-preproc_bold with shape (434, 488)
2025-11-11 09:41:40,490 - INFO - Saved decomposition → /cluster/home/herminea/mental_health_project/test/results/fmri_prep/mvmd/imfs/NDAR_INVHG032NYJ_run2.pkl
2025-11-11 09:41:40,490 - INFO - [NDAR_INVHG032NYJ] Processing sub-NDARINVHG032NYJ_task-restPA_run-01_space-MNI152NLin2009cAsym_res-2_desc-preproc_bold with shape (434, 488)
2025-11-11 09:41:57,604 - INFO - Saved decomposition → /cluster/home/herminea/mental_health_project/test/results/fmri_prep/mvmd/imfs/NDAR_INVHG032NYJ_run3.pkl
2025-11-11 09:41:57,604 - INFO - [NDAR_INVHG032NYJ] Processing sub-NDARINVHG032NYJ_task-restPA_run-02_space-MNI152NLin2009cAsym_res-2_desc-preproc_bold with shape (434, 488)
2025-11-11 09:42:15,676 - INFO - Saved decomposition → /cluster/home/herminea/mental_health_project/test/results/fmri_prep/mvmd/imfs/NDAR_INVHG032NYJ_run4.pkl
2025-11-11 09:42:15,748 - INFO - [NDAR_INVWJ708RM0] Processing sub-NDARINVWJ708RM0_task-restAP_run-01_space-MNI152NLin2009cAsym_res-2_desc-preproc_bold with shape (434, 488)
2025-11-11 09:42:33,794 - INFO - Saved decomposition → /cluster/home/herminea/mental_health_project/test/results/fmri_prep/mvmd/imfs/NDAR_INVWJ708RM0_run1.pkl
2025-11-11 09:42:33,794 - INFO - [NDAR_INVWJ708RM0] Processing sub-NDARINVWJ708RM0_task-restAP_run-02_space-MNI152NLin2009cAsym_res-2_desc-preproc_bold with shape (434, 488)
2025-11-11 09:42:51,606 - INFO - Saved decomposition → /cluster/home/herminea/mental_health_project/test/results/fmri_prep/mvmd/imfs/NDAR_INVWJ708RM0_run2.pkl
2025-11-11 09:42:51,606 - INFO - [NDAR_INVWJ708RM0] Processing sub-NDARINVWJ708RM0_task-restPA_run-01_space-MNI152NLin2009cAsym_res-2_desc-preproc_bold with shape (434, 488)
2025-11-11 09:43:09,785 - INFO - Saved decomposition → /cluster/home/herminea/mental_health_project/test/results/fmri_prep/mvmd/imfs/NDAR_INVWJ708RM0_run3.pkl
2025-11-11 09:43:09,785 - INFO - [NDAR_INVWJ708RM0] Processing sub-NDARINVWJ708RM0_task-restPA_run-02_space-MNI152NLin2009cAsym_res-2_desc-preproc_bold with shape (434, 488)
2025-11-11 09:43:27,632 - INFO - Saved decomposition → /cluster/home/herminea/mental_health_project/test/results/fmri_prep/mvmd/imfs/NDAR_INVWJ708RM0_run4.pkl
2025-11-11 09:43:27,718 - INFO - [NDAR_INVCW125BLA] Processing sub-NDARINVCW125BLA_task-restAP_run-01_space-MNI152NLin2009cAsym_res-2_desc-preproc_bold with shape (434, 488)
2025-11-11 09:43:44,890 - INFO - Saved decomposition → /cluster/home/herminea/mental_health_project/test/results/fmri_prep/mvmd/imfs/NDAR_INVCW125BLA_run1.pkl
2025-11-11 09:43:44,890 - INFO - [NDAR_INVCW125BLA] Processing sub-NDARINVCW125BLA_task-restAP_run-02_space-MNI152NLin2009cAsym_res-2_desc-preproc_bold with shape (434, 488)
2025-11-11 09:44:02,154 - INFO - Saved decomposition → /cluster/home/herminea/mental_health_project/test/results/fmri_prep/mvmd/imfs/NDAR_INVCW125BLA_run2.pkl
2025-11-11 09:44:02,154 - INFO - [NDAR_INVCW125BLA] Processing sub-NDARINVCW125BLA_task-restPA_run-01_space-MNI152NLin2009cAsym_res-2_desc-preproc_bold with shape (434, 488)
2025-11-11 09:44:19,824 - INFO - Saved decomposition → /cluster/home/herminea/mental_health_project/test/results/fmri_prep/mvmd/imfs/NDAR_INVCW125BLA_run3.pkl
2025-11-11 09:44:19,825 - INFO - [NDAR_INVCW125BLA] Processing sub-NDARINVCW125BLA_task-restPA_run-02_space-MNI152NLin2009cAsym_res-2_desc-preproc_bold with shape (434, 488)
2025-11-11 09:44:37,302 - INFO - Saved decomposition → /cluster/home/herminea/mental_health_project/test/results/fmri_prep/mvmd/imfs/NDAR_INVCW125BLA_run4.pkl
2025-11-11 09:44:37,377 - INFO - [NDAR_INVDM785DVB] Processing sub-NDARINVDM785DVB_task-restAP_run-01_space-MNI152NLin2009cAsym_res-2_desc-preproc_bold with shape (434, 488)
2025-11-11 09:44:55,211 - INFO - Saved decomposition → /cluster/home/herminea/mental_health_project/test/results/fmri_prep/mvmd/imfs/NDAR_INVDM785DVB_run1.pkl
2025-11-11 09:44:55,212 - INFO - [NDAR_INVDM785DVB] Processing sub-NDARINVDM785DVB_task-restAP_run-02_space-MNI152NLin2009cAsym_res-2_desc-preproc_bold with shape (434, 488)
2025-11-11 09:45:12,232 - INFO - Saved decomposition → /cluster/home/herminea/mental_health_project/test/results/fmri_prep/mvmd/imfs/NDAR_INVDM785DVB_run2.pkl
2025-11-11 09:45:12,232 - INFO - [NDAR_INVDM785DVB] Processing sub-NDARINVDM785DVB_task-restPA_run-01_space-MNI152NLin2009cAsym_res-2_desc-preproc_bold with shape (434, 488)
2025-11-11 09:45:29,750 - INFO - Saved decomposition → /cluster/home/herminea/mental_health_project/test/results/fmri_prep/mvmd/imfs/NDAR_INVDM785DVB_run3.pkl
2025-11-11 09:45:29,750 - INFO - [NDAR_INVDM785DVB] Processing sub-NDARINVDM785DVB_task-restPA_run-02_space-MNI152NLin2009cAsym_res-2_desc-preproc_bold with shape (434, 488)
2025-11-11 09:45:47,308 - INFO - Saved decomposition → /cluster/home/herminea/mental_health_project/test/results/fmri_prep/mvmd/imfs/NDAR_INVDM785DVB_run4.pkl
2025-11-11 09:45:47,367 - INFO - [NDAR_INVUA181LXU] Processing sub-NDARINVUA181LXU_task-restAP_run-01_space-MNI152NLin2009cAsym_res-2_desc-preproc_bold with shape (434, 488)
2025-11-11 09:46:04,624 - INFO - Saved decomposition → /cluster/home/herminea/mental_health_project/test/results/fmri_prep/mvmd/imfs/NDAR_INVUA181LXU_run1.pkl
2025-11-11 09:46:04,624 - INFO - [NDAR_INVUA181LXU] Processing sub-NDARINVUA181LXU_task-restAP_run-02_space-MNI152NLin2009cAsym_res-2_desc-preproc_bold with shape (434, 488)
2025-11-11 09:46:22,099 - INFO - Saved decomposition → /cluster/home/herminea/mental_health_project/test/results/fmri_prep/mvmd/imfs/NDAR_INVUA181LXU_run2.pkl
2025-11-11 09:46:22,099 - INFO - [NDAR_INVUA181LXU] Processing sub-NDARINVUA181LXU_task-restPA_run-01_space-MNI152NLin2009cAsym_res-2_desc-preproc_bold with shape (434, 488)
2025-11-11 09:46:39,023 - INFO - Saved decomposition → /cluster/home/herminea/mental_health_project/test/results/fmri_prep/mvmd/imfs/NDAR_INVUA181LXU_run3.pkl
2025-11-11 09:46:39,023 - INFO - [NDAR_INVUA181LXU] Processing sub-NDARINVUA181LXU_task-restPA_run-02_space-MNI152NLin2009cAsym_res-2_desc-preproc_bold with shape (434, 488)
2025-11-11 09:46:56,678 - INFO - Saved decomposition → /cluster/home/herminea/mental_health_project/test/results/fmri_prep/mvmd/imfs/NDAR_INVUA181LXU_run4.pkl
