[Tue 11 Nov 08:57:46 CET 2025] Starting decomposition...
[IO] Loaded 21 subjects from /cluster/home/herminea/mental_health_project/test/data/subjects_lists/mdd_subjects_matched.txt
[IO] Loaded 21 subjects from /cluster/home/herminea/mental_health_project/test/data/subjects_lists/hc_subjects_matched.txt
[MVMD] Decomposing with K=8, alpha=1800, fs=1.25
[MVMD] Produced 8 modes with mean freqs: [-0.      0.0129  0.0288  0.0508  0.0893  0.1638  0.2342  0.3774]
[MVMD] Decomposing with K=8, alpha=1800, fs=1.25
[MVMD] Produced 8 modes with mean freqs: [0.     0.0179 0.0424 0.0756 0.1208 0.1907 0.2467 0.3969]
[MVMD] Decomposing with K=8, alpha=1800, fs=1.25
[MVMD] Produced 8 modes with mean freqs: [0.     0.0164 0.0335 0.0559 0.0906 0.1544 0.204  0.39  ]
[MVMD] Decomposing with K=8, alpha=1800, fs=1.25
[MVMD] Produced 8 modes with mean freqs: [0.     0.0137 0.0339 0.059  0.0996 0.1654 0.2347 0.3793]
[MVMD] Decomposing with K=8, alpha=1800, fs=1.25
[MVMD] Produced 8 modes with mean freqs: [0.     0.0158 0.0379 0.07   0.1128 0.1774 0.2768 0.3825]
[MVMD] Decomposing with K=8, alpha=1800, fs=1.25
[MVMD] Produced 8 modes with mean freqs: [0.     0.0191 0.0393 0.0692 0.1097 0.1771 0.2706 0.3633]
[MVMD] Decomposing with K=8, alpha=1800, fs=1.25
[MVMD] Produced 8 modes with mean freqs: [0.     0.0164 0.0371 0.0709 0.1128 0.1817 0.273  0.3744]
[MVMD] Decomposing with K=8, alpha=1800, fs=1.25
[MVMD] Produced 8 modes with mean freqs: [-0.      0.0147  0.0366  0.0643  0.1057  0.1674  0.2615  0.3659]
[MVMD] Decomposing with K=8, alpha=1800, fs=1.25
[MVMD] Produced 8 modes with mean freqs: [0.     0.02   0.0486 0.0851 0.1157 0.1416 0.2083 0.2957]
[MVMD] Decomposing with K=8, alpha=1800, fs=1.25
[MVMD] Produced 8 modes with mean freqs: [0.     0.023  0.0558 0.0936 0.1288 0.155  0.224  0.3112]
[MVMD] Decomposing with K=8, alpha=1800, fs=1.25
[MVMD] Produced 8 modes with mean freqs: [0.     0.0253 0.0581 0.092  0.1166 0.1434 0.2093 0.306 ]
[MVMD] Decomposing with K=8, alpha=1800, fs=1.25
[MVMD] Produced 8 modes with mean freqs: [0.     0.0205 0.0523 0.0918 0.1292 0.1656 0.2423 0.3581]
[MVMD] Decomposing with K=8, alpha=1800, fs=1.25
[MVMD] Produced 8 modes with mean freqs: [0.     0.0181 0.0401 0.0661 0.0989 0.1583 0.2429 0.3456]
[MVMD] Decomposing with K=8, alpha=1800, fs=1.25
[MVMD] Produced 8 modes with mean freqs: [0.     0.0198 0.0485 0.0818 0.1219 0.1636 0.2578 0.3243]
[MVMD] Decomposing with K=8, alpha=1800, fs=1.25
[MVMD] Produced 8 modes with mean freqs: [0.     0.019  0.0412 0.074  0.1161 0.184  0.2699 0.3745]
[MVMD] Decomposing with K=8, alpha=1800, fs=1.25
[MVMD] Produced 8 modes with mean freqs: [0.     0.018  0.0477 0.0799 0.1289 0.1858 0.2634 0.3274]
[MVMD] Decomposing with K=8, alpha=1800, fs=1.25
[MVMD] Produced 8 modes with mean freqs: [0.     0.0187 0.042  0.0675 0.0952 0.1419 0.2159 0.3733]
[MVMD] Decomposing with K=8, alpha=1800, fs=1.25
[MVMD] Produced 8 modes with mean freqs: [0.     0.0187 0.0394 0.0686 0.0997 0.1484 0.2277 0.3482]
[MVMD] Decomposing with K=8, alpha=1800, fs=1.25
[MVMD] Produced 8 modes with mean freqs: [1.000e-04 1.850e-02 3.880e-02 6.370e-02 9.110e-02 1.334e-01 1.970e-01
 3.745e-01]
[MVMD] Decomposing with K=8, alpha=1800, fs=1.25
[MVMD] Produced 8 modes with mean freqs: [0.     0.0205 0.0509 0.0835 0.121  0.1736 0.2798 0.3865]
[MVMD] Decomposing with K=8, alpha=1800, fs=1.25
[MVMD] Produced 8 modes with mean freqs: [1.000e-04 1.030e-02 3.300e-02 6.860e-02 1.177e-01 1.890e-01 2.776e-01
 3.884e-01]
[MVMD] Decomposing with K=8, alpha=1800, fs=1.25
[MVMD] Produced 8 modes with mean freqs: [1.000e-04 1.040e-02 3.280e-02 6.850e-02 1.179e-01 1.919e-01 2.804e-01
 3.917e-01]
[MVMD] Decomposing with K=8, alpha=1800, fs=1.25
[MVMD] Produced 8 modes with mean freqs: [0.     0.0096 0.0282 0.0573 0.1046 0.1685 0.2389 0.3126]
[MVMD] Decomposing with K=8, alpha=1800, fs=1.25
[MVMD] Produced 8 modes with mean freqs: [0.     0.0308 0.0722 0.1018 0.1314 0.1676 0.2365 0.3686]
[MVMD] Decomposing with K=8, alpha=1800, fs=1.25
[MVMD] Produced 8 modes with mean freqs: [0.     0.0236 0.0549 0.0978 0.1399 0.1936 0.2532 0.3345]
[MVMD] Decomposing with K=8, alpha=1800, fs=1.25
[MVMD] Produced 8 modes with mean freqs: [0.     0.0222 0.055  0.0891 0.1338 0.198  0.2646 0.3389]
[MVMD] Decomposing with K=8, alpha=1800, fs=1.25
[MVMD] Produced 8 modes with mean freqs: [0.     0.0211 0.0566 0.0939 0.1423 0.2055 0.2765 0.3379]
[MVMD] Decomposing with K=8, alpha=1800, fs=1.25
[MVMD] Produced 8 modes with mean freqs: [0.     0.0167 0.0373 0.0589 0.0884 0.1288 0.2038 0.3068]
[MVMD] Decomposing with K=8, alpha=1800, fs=1.25
[MVMD] Produced 8 modes with mean freqs: [0.     0.0196 0.0437 0.0834 0.1164 0.1653 0.2563 0.3575]
[MVMD] Decomposing with K=8, alpha=1800, fs=1.25
[MVMD] Produced 8 modes with mean freqs: [0.     0.0221 0.0405 0.0676 0.0995 0.1468 0.2235 0.3149]
[MVMD] Decomposing with K=8, alpha=1800, fs=1.25
[MVMD] Produced 8 modes with mean freqs: [0.     0.0191 0.0454 0.0804 0.122  0.1845 0.2721 0.3607]
[MVMD] Decomposing with K=8, alpha=1800, fs=1.25
[MVMD] Produced 8 modes with mean freqs: [1.000e-04 2.180e-02 4.690e-02 7.420e-02 1.057e-01 1.506e-01 2.206e-01
 3.312e-01]
[MVMD] Decomposing with K=8, alpha=1800, fs=1.25
[MVMD] Produced 8 modes with mean freqs: [0.     0.0197 0.0458 0.0703 0.0959 0.1357 0.1962 0.3164]
[MVMD] Decomposing with K=8, alpha=1800, fs=1.25
[MVMD] Produced 8 modes with mean freqs: [0.     0.0249 0.0521 0.0865 0.1222 0.1653 0.239  0.3599]
[MVMD] Decomposing with K=8, alpha=1800, fs=1.25
[MVMD] Produced 8 modes with mean freqs: [1.000e-04 2.230e-02 4.260e-02 6.890e-02 1.002e-01 1.422e-01 2.047e-01
 3.112e-01]
[MVMD] Decomposing with K=8, alpha=1800, fs=1.25
[MVMD] Produced 8 modes with mean freqs: [0.     0.0195 0.0485 0.0776 0.111  0.1626 0.2304 0.3612]
[MVMD] Decomposing with K=8, alpha=1800, fs=1.25
[MVMD] Produced 8 modes with mean freqs: [0.     0.019  0.0475 0.0826 0.1225 0.1696 0.2284 0.3794]
[MVMD] Decomposing with K=8, alpha=1800, fs=1.25
[MVMD] Produced 8 modes with mean freqs: [0.     0.0166 0.0396 0.0797 0.1251 0.1838 0.261  0.362 ]
[MVMD] Decomposing with K=8, alpha=1800, fs=1.25
[MVMD] Produced 8 modes with mean freqs: [0.     0.0234 0.0481 0.08   0.113  0.1554 0.2481 0.3639]
[MVMD] Decomposing with K=8, alpha=1800, fs=1.25
[MVMD] Produced 8 modes with mean freqs: [0.     0.0189 0.0391 0.0672 0.1018 0.1499 0.2295 0.3139]
[MVMD] Decomposing with K=8, alpha=1800, fs=1.25
[MVMD] Produced 8 modes with mean freqs: [0.     0.018  0.0349 0.0586 0.0826 0.1221 0.2007 0.2644]
[MVMD] Decomposing with K=8, alpha=1800, fs=1.25
[MVMD] Produced 8 modes with mean freqs: [0.     0.0206 0.0435 0.066  0.0965 0.1335 0.1966 0.2745]
[MVMD] Decomposing with K=8, alpha=1800, fs=1.25
[MVMD] Produced 8 modes with mean freqs: [1.000e-04 2.050e-02 3.930e-02 6.600e-02 9.460e-02 1.403e-01 2.079e-01
 2.609e-01]
[MVMD] Decomposing with K=8, alpha=1800, fs=1.25
[MVMD] Produced 8 modes with mean freqs: [0.     0.0164 0.0363 0.0654 0.1104 0.1693 0.2606 0.3686]
[MVMD] Decomposing with K=8, alpha=1800, fs=1.25
[MVMD] Produced 8 modes with mean freqs: [0.     0.0168 0.0406 0.0706 0.1126 0.169  0.2726 0.3874]
[MVMD] Decomposing with K=8, alpha=1800, fs=1.25
[MVMD] Produced 8 modes with mean freqs: [0.     0.0178 0.041  0.0696 0.114  0.1804 0.2796 0.3457]
[MVMD] Decomposing with K=8, alpha=1800, fs=1.25
[MVMD] Produced 8 modes with mean freqs: [1.000e-04 1.470e-02 3.750e-02 6.740e-02 1.098e-01 1.734e-01 2.848e-01
 3.715e-01]
[MVMD] Decomposing with K=8, alpha=1800, fs=1.25
[MVMD] Produced 8 modes with mean freqs: [0.     0.0187 0.042  0.0675 0.0952 0.142  0.2161 0.3733]
[MVMD] Decomposing with K=8, alpha=1800, fs=1.25
[MVMD] Produced 8 modes with mean freqs: [0.     0.0188 0.0395 0.0688 0.0998 0.1486 0.2287 0.3487]
[MVMD] Decomposing with K=8, alpha=1800, fs=1.25
[MVMD] Produced 8 modes with mean freqs: [1.000e-04 1.850e-02 3.880e-02 6.370e-02 9.100e-02 1.334e-01 1.970e-01
 3.743e-01]
[MVMD] Decomposing with K=8, alpha=1800, fs=1.25
[MVMD] Produced 8 modes with mean freqs: [1.000e-04 2.050e-02 5.090e-02 8.360e-02 1.210e-01 1.736e-01 2.801e-01
 3.865e-01]
[MVMD] Decomposing with K=8, alpha=1800, fs=1.25
[MVMD] Produced 8 modes with mean freqs: [0.     0.0201 0.047  0.0778 0.1103 0.15   0.1944 0.3535]
[MVMD] Decomposing with K=8, alpha=1800, fs=1.25
[MVMD] Produced 8 modes with mean freqs: [0.     0.0278 0.0478 0.072  0.1016 0.1562 0.2206 0.3172]
[MVMD] Decomposing with K=8, alpha=1800, fs=1.25
[MVMD] Produced 8 modes with mean freqs: [0.     0.022  0.0467 0.076  0.1109 0.1575 0.2146 0.3474]
[MVMD] Decomposing with K=8, alpha=1800, fs=1.25
[MVMD] Produced 8 modes with mean freqs: [1.000e-04 2.100e-02 3.860e-02 6.170e-02 1.002e-01 1.522e-01 2.292e-01
 3.253e-01]
[MVMD] Decomposing with K=8, alpha=1800, fs=1.25
[MVMD] Produced 8 modes with mean freqs: [0.     0.016  0.0355 0.0608 0.099  0.161  0.2099 0.3268]
[MVMD] Decomposing with K=8, alpha=1800, fs=1.25
[MVMD] Produced 8 modes with mean freqs: [0.     0.0127 0.0313 0.0623 0.1051 0.1619 0.2022 0.3323]
[MVMD] Decomposing with K=8, alpha=1800, fs=1.25
[MVMD] Produced 8 modes with mean freqs: [0.     0.0162 0.0382 0.0703 0.1093 0.1594 0.2017 0.3242]
[MVMD] Decomposing with K=8, alpha=1800, fs=1.25
[MVMD] Produced 8 modes with mean freqs: [0.     0.0146 0.0298 0.0538 0.0922 0.1542 0.1982 0.2814]
[MVMD] Decomposing with K=8, alpha=1800, fs=1.25
[MVMD] Produced 8 modes with mean freqs: [0.     0.024  0.056  0.1064 0.1707 0.2161 0.2485 0.3682]
[MVMD] Decomposing with K=8, alpha=1800, fs=1.25
[MVMD] Produced 8 modes with mean freqs: [0.     0.0174 0.0486 0.0909 0.1444 0.2091 0.2522 0.3858]
[MVMD] Decomposing with K=8, alpha=1800, fs=1.25
[MVMD] Produced 8 modes with mean freqs: [0.     0.0199 0.052  0.0956 0.1418 0.1795 0.2188 0.2665]
[MVMD] Decomposing with K=8, alpha=1800, fs=1.25
[MVMD] Produced 8 modes with mean freqs: [1.000e-04 2.230e-02 5.250e-02 8.520e-02 1.343e-01 2.104e-01 2.575e-01
 3.074e-01]
[MVMD] Decomposing with K=8, alpha=1800, fs=1.25
[MVMD] Produced 8 modes with mean freqs: [0.     0.0152 0.0379 0.0645 0.0958 0.1334 0.2125 0.3082]
[MVMD] Decomposing with K=8, alpha=1800, fs=1.25
[MVMD] Produced 8 modes with mean freqs: [0.     0.0267 0.0486 0.0668 0.0907 0.131  0.1954 0.3097]
[MVMD] Decomposing with K=8, alpha=1800, fs=1.25
[MVMD] Produced 8 modes with mean freqs: [0.     0.0192 0.0455 0.0683 0.1053 0.1588 0.2663 0.3612]
[MVMD] Decomposing with K=8, alpha=1800, fs=1.25
[MVMD] Produced 8 modes with mean freqs: [0.     0.0154 0.0413 0.0653 0.0946 0.1345 0.2135 0.3217]
[MVMD] Decomposing with K=8, alpha=1800, fs=1.25
[MVMD] Produced 8 modes with mean freqs: [1.000e-04 1.290e-02 4.300e-02 7.550e-02 1.179e-01 1.985e-01 2.836e-01
 3.798e-01]
[MVMD] Decomposing with K=8, alpha=1800, fs=1.25
[MVMD] Produced 8 modes with mean freqs: [1.000e-04 7.900e-03 2.770e-02 5.820e-02 1.015e-01 1.610e-01 2.381e-01
 3.473e-01]
[MVMD] Decomposing with K=8, alpha=1800, fs=1.25
[MVMD] Produced 8 modes with mean freqs: [1.000e-04 1.480e-02 4.320e-02 7.970e-02 1.233e-01 1.996e-01 2.709e-01
 3.926e-01]
[MVMD] Decomposing with K=8, alpha=1800, fs=1.25
[MVMD] Produced 8 modes with mean freqs: [0.     0.013  0.0344 0.0656 0.1035 0.1591 0.253  0.3405]
[MVMD] Decomposing with K=8, alpha=1800, fs=1.25
[MVMD] Produced 8 modes with mean freqs: [0.     0.0127 0.0373 0.0618 0.0981 0.1459 0.2196 0.3571]
[MVMD] Decomposing with K=8, alpha=1800, fs=1.25
[MVMD] Produced 8 modes with mean freqs: [0.     0.0126 0.0313 0.06   0.0941 0.1404 0.2154 0.357 ]
[MVMD] Decomposing with K=8, alpha=1800, fs=1.25
[MVMD] Produced 8 modes with mean freqs: [0.     0.0105 0.0366 0.067  0.1024 0.1444 0.2145 0.3755]
[MVMD] Decomposing with K=8, alpha=1800, fs=1.25
[MVMD] Produced 8 modes with mean freqs: [1.000e-04 1.250e-02 3.220e-02 5.720e-02 8.850e-02 1.356e-01 2.107e-01
 3.184e-01]
[MVMD] Decomposing with K=8, alpha=1800, fs=1.25
[MVMD] Produced 8 modes with mean freqs: [0.     0.0204 0.0465 0.07   0.1061 0.1504 0.2121 0.2546]
[MVMD] Decomposing with K=8, alpha=1800, fs=1.25
[MVMD] Produced 8 modes with mean freqs: [0.     0.0229 0.0478 0.0778 0.1134 0.1616 0.2435 0.2941]
[MVMD] Decomposing with K=8, alpha=1800, fs=1.25
[MVMD] Produced 8 modes with mean freqs: [0.     0.0204 0.0451 0.0733 0.1066 0.1501 0.2263 0.2781]
[MVMD] Decomposing with K=8, alpha=1800, fs=1.25
[MVMD] Produced 8 modes with mean freqs: [0.     0.0186 0.0406 0.0704 0.1013 0.1486 0.2211 0.3061]
[MVMD] Decomposing with K=8, alpha=1800, fs=1.25
[MVMD] Produced 8 modes with mean freqs: [0.     0.0172 0.0396 0.0638 0.0984 0.1385 0.2092 0.3885]
[MVMD] Decomposing with K=8, alpha=1800, fs=1.25
[MVMD] Produced 8 modes with mean freqs: [1.000e-04 1.800e-02 3.920e-02 6.500e-02 9.560e-02 1.362e-01 1.961e-01
 3.403e-01]
[MVMD] Decomposing with K=8, alpha=1800, fs=1.25
[MVMD] Produced 8 modes with mean freqs: [0.     0.0144 0.0401 0.0651 0.0994 0.1455 0.2121 0.3966]
[MVMD] Decomposing with K=8, alpha=1800, fs=1.25
[MVMD] Produced 8 modes with mean freqs: [0.     0.0186 0.0353 0.0551 0.0859 0.1249 0.1878 0.3099]
[MVMD] Decomposing with K=8, alpha=1800, fs=1.25
[MVMD] Produced 8 modes with mean freqs: [0.     0.0168 0.0366 0.0631 0.1148 0.1995 0.294  0.3662]
[MVMD] Decomposing with K=8, alpha=1800, fs=1.25
[MVMD] Produced 8 modes with mean freqs: [0.     0.0212 0.0432 0.075  0.1236 0.1974 0.2683 0.3496]
[MVMD] Decomposing with K=8, alpha=1800, fs=1.25
[MVMD] Produced 8 modes with mean freqs: [0.     0.0126 0.0329 0.0628 0.1017 0.1637 0.2529 0.3467]
[MVMD] Decomposing with K=8, alpha=1800, fs=1.25
[MVMD] Produced 8 modes with mean freqs: [0.     0.021  0.0393 0.0764 0.1222 0.195  0.2931 0.3922]
[MVMD] Decomposing with K=8, alpha=1800, fs=1.25
[MVMD] Produced 8 modes with mean freqs: [0.     0.0141 0.0331 0.0567 0.0902 0.1382 0.2173 0.2906]
[MVMD] Decomposing with K=8, alpha=1800, fs=1.25
[MVMD] Produced 8 modes with mean freqs: [0.     0.0144 0.0315 0.054  0.0866 0.1436 0.2409 0.3305]
[MVMD] Decomposing with K=8, alpha=1800, fs=1.25
[MVMD] Produced 8 modes with mean freqs: [0.     0.0157 0.0424 0.0726 0.1106 0.1593 0.2401 0.2846]
[MVMD] Decomposing with K=8, alpha=1800, fs=1.25
[MVMD] Produced 8 modes with mean freqs: [0.     0.0158 0.0397 0.068  0.1026 0.1495 0.2275 0.2714]
[MVMD] Decomposing with K=8, alpha=1800, fs=1.25
[MVMD] Produced 8 modes with mean freqs: [0.     0.016  0.0429 0.0759 0.1117 0.1682 0.2452 0.3448]
[MVMD] Decomposing with K=8, alpha=1800, fs=1.25
[MVMD] Produced 8 modes with mean freqs: [0.     0.018  0.0396 0.0718 0.1094 0.16   0.243  0.3308]
[MVMD] Decomposing with K=8, alpha=1800, fs=1.25
[MVMD] Produced 8 modes with mean freqs: [0.     0.0197 0.044  0.0793 0.1159 0.1578 0.2339 0.3468]
[MVMD] Decomposing with K=8, alpha=1800, fs=1.25
[MVMD] Produced 8 modes with mean freqs: [0.     0.0203 0.0418 0.0745 0.1097 0.156  0.2324 0.342 ]
[MVMD] Decomposing with K=8, alpha=1800, fs=1.25
[MVMD] Produced 8 modes with mean freqs: [0.     0.025  0.0511 0.0869 0.1297 0.1784 0.2345 0.3532]
[MVMD] Decomposing with K=8, alpha=1800, fs=1.25
[MVMD] Produced 8 modes with mean freqs: [0.     0.0225 0.0518 0.0987 0.1414 0.1909 0.248  0.3626]
[MVMD] Decomposing with K=8, alpha=1800, fs=1.25
[MVMD] Produced 8 modes with mean freqs: [0.     0.0195 0.0451 0.071  0.0961 0.1447 0.2098 0.3062]
[MVMD] Decomposing with K=8, alpha=1800, fs=1.25
[MVMD] Produced 8 modes with mean freqs: [0.     0.0179 0.0424 0.0601 0.0821 0.1164 0.1786 0.2867]
[MVMD] Decomposing with K=8, alpha=1800, fs=1.25
[MVMD] Produced 8 modes with mean freqs: [0.     0.0125 0.0386 0.0634 0.095  0.1414 0.2013 0.299 ]
[MVMD] Decomposing with K=8, alpha=1800, fs=1.25
[MVMD] Produced 8 modes with mean freqs: [0.     0.0155 0.0369 0.0603 0.0898 0.1277 0.1921 0.2806]
[MVMD] Decomposing with K=8, alpha=1800, fs=1.25
[MVMD] Produced 8 modes with mean freqs: [0.     0.0198 0.0456 0.0762 0.1118 0.1585 0.2211 0.4268]
[MVMD] Decomposing with K=8, alpha=1800, fs=1.25
[MVMD] Produced 8 modes with mean freqs: [0.     0.019  0.043  0.0714 0.1082 0.1484 0.212  0.3802]
[MVMD] Decomposing with K=8, alpha=1800, fs=1.25
[MVMD] Produced 8 modes with mean freqs: [0.     0.0193 0.0428 0.0736 0.112  0.154  0.2167 0.3801]
[MVMD] Decomposing with K=8, alpha=1800, fs=1.25
[MVMD] Produced 8 modes with mean freqs: [0.     0.0198 0.046  0.0771 0.1141 0.1597 0.2255 0.3816]
[MVMD] Decomposing with K=8, alpha=1800, fs=1.25
[MVMD] Produced 8 modes with mean freqs: [0.     0.0209 0.0351 0.0564 0.0927 0.1482 0.2507 0.2972]
[MVMD] Decomposing with K=8, alpha=1800, fs=1.25
[MVMD] Produced 8 modes with mean freqs: [0.     0.0233 0.0465 0.0768 0.1161 0.1656 0.2438 0.3087]
[MVMD] Decomposing with K=8, alpha=1800, fs=1.25
[MVMD] Produced 8 modes with mean freqs: [0.     0.02   0.0416 0.0682 0.1101 0.1876 0.2668 0.303 ]
[MVMD] Decomposing with K=8, alpha=1800, fs=1.25
[MVMD] Produced 8 modes with mean freqs: [0.     0.0278 0.0466 0.0758 0.114  0.1722 0.2585 0.3178]
[MVMD] Decomposing with K=8, alpha=1800, fs=1.25
[MVMD] Produced 8 modes with mean freqs: [0.     0.0191 0.0426 0.0686 0.1028 0.1452 0.2077 0.3103]
[MVMD] Decomposing with K=8, alpha=1800, fs=1.25
[MVMD] Produced 8 modes with mean freqs: [0.     0.0136 0.0397 0.0686 0.0992 0.1377 0.2096 0.3094]
[MVMD] Decomposing with K=8, alpha=1800, fs=1.25
[MVMD] Produced 8 modes with mean freqs: [0.     0.0213 0.0431 0.0711 0.1043 0.1535 0.2161 0.3018]
[MVMD] Decomposing with K=8, alpha=1800, fs=1.25
[MVMD] Produced 8 modes with mean freqs: [0.     0.0207 0.0455 0.0736 0.1064 0.1518 0.2133 0.3004]
[MVMD] Decomposing with K=8, alpha=1800, fs=1.25
[MVMD] Produced 8 modes with mean freqs: [0.     0.0171 0.0348 0.0543 0.0842 0.1258 0.1843 0.2616]
[MVMD] Decomposing with K=8, alpha=1800, fs=1.25
[MVMD] Produced 8 modes with mean freqs: [0.     0.0187 0.0389 0.0651 0.0969 0.1385 0.2008 0.2741]
[MVMD] Decomposing with K=8, alpha=1800, fs=1.25
[MVMD] Produced 8 modes with mean freqs: [0.     0.0212 0.0433 0.067  0.0998 0.1458 0.2066 0.2751]
[MVMD] Decomposing with K=8, alpha=1800, fs=1.25
[MVMD] Produced 8 modes with mean freqs: [0.     0.0191 0.0406 0.0633 0.0978 0.1422 0.209  0.2835]
[MVMD] Decomposing with K=8, alpha=1800, fs=1.25
[MVMD] Produced 8 modes with mean freqs: [0.     0.0212 0.0443 0.0756 0.1147 0.1696 0.2505 0.3027]
[MVMD] Decomposing with K=8, alpha=1800, fs=1.25
[MVMD] Produced 8 modes with mean freqs: [0.     0.0195 0.0389 0.0618 0.0905 0.1343 0.2023 0.2629]
[MVMD] Decomposing with K=8, alpha=1800, fs=1.25
[MVMD] Produced 8 modes with mean freqs: [0.     0.0244 0.045  0.0727 0.1097 0.1631 0.2403 0.2806]
[MVMD] Decomposing with K=8, alpha=1800, fs=1.25
[MVMD] Produced 8 modes with mean freqs: [0.     0.0218 0.0412 0.0685 0.1049 0.1545 0.234  0.2855]
[MVMD] Decomposing with K=8, alpha=1800, fs=1.25
[MVMD] Produced 8 modes with mean freqs: [0.     0.0192 0.0459 0.0726 0.104  0.1416 0.226  0.2886]
[MVMD] Decomposing with K=8, alpha=1800, fs=1.25
[MVMD] Produced 8 modes with mean freqs: [0.     0.0204 0.0437 0.0725 0.1042 0.1397 0.2101 0.2811]
[MVMD] Decomposing with K=8, alpha=1800, fs=1.25
[MVMD] Produced 8 modes with mean freqs: [0.     0.0207 0.0517 0.0811 0.1131 0.1572 0.2418 0.3003]
[MVMD] Decomposing with K=8, alpha=1800, fs=1.25
[MVMD] Produced 8 modes with mean freqs: [0.     0.0172 0.0453 0.0749 0.1092 0.1532 0.2478 0.3041]
[MVMD] Decomposing with K=8, alpha=1800, fs=1.25
[MVMD] Produced 8 modes with mean freqs: [0.     0.0163 0.0355 0.0607 0.0951 0.1322 0.192  0.2567]
[MVMD] Decomposing with K=8, alpha=1800, fs=1.25
[MVMD] Produced 8 modes with mean freqs: [0.     0.0192 0.04   0.0639 0.0966 0.1376 0.2112 0.3207]
[MVMD] Decomposing with K=8, alpha=1800, fs=1.25
[MVMD] Produced 8 modes with mean freqs: [0.     0.021  0.0458 0.0701 0.1024 0.1474 0.2369 0.3826]
[MVMD] Decomposing with K=8, alpha=1800, fs=1.25
[MVMD] Produced 8 modes with mean freqs: [0.     0.0193 0.0383 0.0629 0.093  0.1302 0.2005 0.3476]
[MVMD] Decomposing with K=8, alpha=1800, fs=1.25
[MVMD] Produced 8 modes with mean freqs: [0.     0.0223 0.0393 0.0636 0.0961 0.1681 0.2385 0.2825]
[MVMD] Decomposing with K=8, alpha=1800, fs=1.25
[MVMD] Produced 8 modes with mean freqs: [0.     0.0213 0.0411 0.062  0.0964 0.1505 0.2242 0.2505]
[MVMD] Decomposing with K=8, alpha=1800, fs=1.25
[MVMD] Produced 8 modes with mean freqs: [0.     0.0186 0.0402 0.0643 0.1022 0.2096 0.2742 0.2432]
[MVMD] Decomposing with K=8, alpha=1800, fs=1.25
[MVMD] Produced 8 modes with mean freqs: [0.     0.0217 0.044  0.0775 0.1233 0.2063 0.2817 0.2414]
[MVMD] Decomposing with K=8, alpha=1800, fs=1.25
[MVMD] Produced 8 modes with mean freqs: [0.     0.0218 0.0425 0.062  0.086  0.1258 0.2248 0.2818]
[MVMD] Decomposing with K=8, alpha=1800, fs=1.25
[MVMD] Produced 8 modes with mean freqs: [0.     0.0282 0.0396 0.0588 0.0839 0.1176 0.1946 0.2845]
[MVMD] Decomposing with K=8, alpha=1800, fs=1.25
[MVMD] Produced 8 modes with mean freqs: [0.     0.0228 0.043  0.0669 0.0883 0.1298 0.1946 0.2683]
[MVMD] Decomposing with K=8, alpha=1800, fs=1.25
[MVMD] Produced 8 modes with mean freqs: [0.     0.0174 0.0375 0.0593 0.0815 0.1205 0.187  0.2762]
[MVMD] Decomposing with K=8, alpha=1800, fs=1.25
[MVMD] Produced 8 modes with mean freqs: [0.     0.0193 0.042  0.0735 0.1065 0.1454 0.2248 0.2989]
[MVMD] Decomposing with K=8, alpha=1800, fs=1.25
[MVMD] Produced 8 modes with mean freqs: [0.     0.0191 0.0418 0.07   0.101  0.1417 0.2055 0.2825]
[MVMD] Decomposing with K=8, alpha=1800, fs=1.25
[MVMD] Produced 8 modes with mean freqs: [0.     0.0211 0.0487 0.0758 0.1067 0.1438 0.2196 0.2912]
[MVMD] Decomposing with K=8, alpha=1800, fs=1.25
[MVMD] Produced 8 modes with mean freqs: [0.     0.0207 0.0477 0.0753 0.1057 0.1444 0.2149 0.321 ]
[MVMD] Decomposing with K=8, alpha=1800, fs=1.25
[MVMD] Produced 8 modes with mean freqs: [0.     0.0211 0.0536 0.0939 0.1432 0.2263 0.282  0.3526]
[MVMD] Decomposing with K=8, alpha=1800, fs=1.25
[MVMD] Produced 8 modes with mean freqs: [0.     0.0178 0.0446 0.0854 0.1265 0.193  0.2565 0.3642]
[MVMD] Decomposing with K=8, alpha=1800, fs=1.25
[MVMD] Produced 8 modes with mean freqs: [0.     0.0199 0.0453 0.0799 0.1266 0.1881 0.26   0.36  ]
[MVMD] Decomposing with K=8, alpha=1800, fs=1.25
[MVMD] Produced 8 modes with mean freqs: [0.     0.0209 0.0461 0.0795 0.1202 0.1789 0.2587 0.3521]
[MVMD] Decomposing with K=8, alpha=1800, fs=1.25
[MVMD] Produced 8 modes with mean freqs: [-0.      0.0148  0.0406  0.0779  0.1166  0.1563  0.2267  0.3059]
[MVMD] Decomposing with K=8, alpha=1800, fs=1.25
[MVMD] Produced 8 modes with mean freqs: [1.000e-04 2.180e-02 4.850e-02 8.110e-02 1.208e-01 1.645e-01 2.384e-01
 3.178e-01]
[MVMD] Decomposing with K=8, alpha=1800, fs=1.25
[MVMD] Produced 8 modes with mean freqs: [0.     0.0185 0.0413 0.077  0.1135 0.1603 0.2347 0.3238]
[MVMD] Decomposing with K=8, alpha=1800, fs=1.25
[MVMD] Produced 8 modes with mean freqs: [0.     0.0231 0.0485 0.0761 0.1105 0.1593 0.2225 0.3084]
[MVMD] Decomposing with K=8, alpha=1800, fs=1.25
[MVMD] Produced 8 modes with mean freqs: [0.     0.0163 0.0394 0.0733 0.112  0.1595 0.2327 0.3686]
[MVMD] Decomposing with K=8, alpha=1800, fs=1.25
[MVMD] Produced 8 modes with mean freqs: [0.     0.0176 0.0425 0.073  0.1119 0.1657 0.2432 0.3513]
[MVMD] Decomposing with K=8, alpha=1800, fs=1.25
[MVMD] Produced 8 modes with mean freqs: [0.     0.0203 0.0437 0.0745 0.1151 0.1643 0.2146 0.3653]
[MVMD] Decomposing with K=8, alpha=1800, fs=1.25
[MVMD] Produced 8 modes with mean freqs: [1.000e-04 1.840e-02 4.620e-02 8.180e-02 1.190e-01 1.687e-01 2.437e-01
 3.306e-01]
[MVMD] Decomposing with K=8, alpha=1800, fs=1.25
[MVMD] Produced 8 modes with mean freqs: [0.     0.0195 0.0377 0.0593 0.0886 0.1259 0.1928 0.2794]
[MVMD] Decomposing with K=8, alpha=1800, fs=1.25
[MVMD] Produced 8 modes with mean freqs: [0.     0.0186 0.0431 0.0704 0.099  0.1374 0.2092 0.3002]
[MVMD] Decomposing with K=8, alpha=1800, fs=1.25
[MVMD] Produced 8 modes with mean freqs: [0.     0.0229 0.0395 0.0658 0.0931 0.1253 0.205  0.2899]
[MVMD] Decomposing with K=8, alpha=1800, fs=1.25
[MVMD] Produced 8 modes with mean freqs: [0.     0.0228 0.0453 0.0718 0.0996 0.1318 0.1995 0.2826]
[MVMD] Decomposing with K=8, alpha=1800, fs=1.25
[MVMD] Produced 8 modes with mean freqs: [-0.      0.0222  0.0466  0.0733  0.1087  0.1557  0.2533  0.3737]
[MVMD] Decomposing with K=8, alpha=1800, fs=1.25
[MVMD] Produced 8 modes with mean freqs: [0.     0.0135 0.0357 0.0648 0.0949 0.1413 0.252  0.3795]
[MVMD] Decomposing with K=8, alpha=1800, fs=1.25
[MVMD] Produced 8 modes with mean freqs: [0.     0.0181 0.0398 0.067  0.0986 0.1377 0.2128 0.308 ]
[MVMD] Decomposing with K=8, alpha=1800, fs=1.25
[MVMD] Produced 8 modes with mean freqs: [0.     0.022  0.044  0.0696 0.101  0.1404 0.2092 0.2969]
[MVMD] Decomposing with K=8, alpha=1800, fs=1.25
[MVMD] Produced 8 modes with mean freqs: [0.     0.0214 0.0403 0.0659 0.1023 0.166  0.2524 0.3441]
[MVMD] Decomposing with K=8, alpha=1800, fs=1.25
[MVMD] Produced 8 modes with mean freqs: [0.     0.0212 0.0365 0.0602 0.0919 0.1434 0.2325 0.3138]
[MVMD] Decomposing with K=8, alpha=1800, fs=1.25
[MVMD] Produced 8 modes with mean freqs: [1.000e-04 2.140e-02 3.870e-02 6.350e-02 9.820e-02 1.567e-01 2.423e-01
 3.317e-01]
[MVMD] Decomposing with K=8, alpha=1800, fs=1.25
[MVMD] Produced 8 modes with mean freqs: [0.     0.0201 0.0423 0.0627 0.0927 0.1523 0.2332 0.316 ]
[Tue 11 Nov 09:46:57 CET 2025] Starting FC computation...

Computing FC matrices for all decomposed runs in /cluster/home/herminea/mental_health_project/test/results/fmri_prep/vlmd/imfs...

Skipping NDAR_INVUA181LXU_run4.pkl (already computed)
Skipping NDAR_INVUY799LKJ_run1.pkl (already computed)
Skipping NDAR_INVKX727WL8_run4.pkl (already computed)
Skipping NDAR_INVJP751NXV_run1.pkl (already computed)
Skipping NDAR_INVKH279ZDZ_run2.pkl (already computed)
Skipping NDAR_INVLT949NAG_run1.pkl (already computed)
Skipping NDAR_INVWL810FRT_run4.pkl (already computed)
Skipping NDAR_INVDC524THW_run2.pkl (already computed)
Skipping NDAR_INVAL101MH2_run1.pkl (already computed)
Skipping NDAR_INVLT949NAG_run3.pkl (already computed)
Skipping NDAR_INVDM785DVB_run4.pkl (already computed)
Skipping NDAR_INVXJ707NAE_run2.pkl (already computed)
Skipping NDAR_INVHG032NYJ_run1.pkl (already computed)
Skipping NDAR_INVVP179WTP_run1.pkl (already computed)
Skipping NDAR_INVGN082RP7_run1.pkl (already computed)
Skipping NDAR_INVHW100CDA_run2.pkl (already computed)
Skipping NDAR_INVNB949AXM_run2.pkl (already computed)
Skipping NDAR_INVWU297KRB_run4.pkl (already computed)
Skipping NDAR_INVNB949AXM_run4.pkl (already computed)
Skipping NDAR_INVCW125BLA_run1.pkl (already computed)
Skipping NDAR_INVZU586UPF_run4.pkl (already computed)
Skipping NDAR_INVLD269XMU_run4.pkl (already computed)
Skipping NDAR_INVUX642KUY_run3.pkl (already computed)
Skipping NDAR_INVZU586UPF_run2.pkl (already computed)
Skipping NDAR_INVWE937RD6_run2.pkl (already computed)
Skipping NDAR_INVXA261ZAL_run1.pkl (already computed)
Skipping NDAR_INVHW100CDA_run1.pkl (already computed)
Skipping NDAR_INVRC807HPA_run3.pkl (already computed)
Skipping NDAR_INVPG675JPX_run1.pkl (already computed)
Skipping NDAR_INVVP179WTP_run2.pkl (already computed)
Skipping NDAR_INVGN082RP7_run2.pkl (already computed)
Skipping NDAR_INVDK220VPQ_run1.pkl (already computed)
Skipping NDAR_INVKH965NN0_run1.pkl (already computed)
Skipping NDAR_INVDP288XND_run2.pkl (already computed)
Skipping NDAR_INVPG675JPX_run3.pkl (already computed)
Skipping NDAR_INVJT253NWQ_run2.pkl (already computed)
Skipping NDAR_INVKH279ZDZ_run1.pkl (already computed)
Skipping NDAR_INVNB949AXM_run1.pkl (already computed)
Skipping NDAR_INVBL733HBP_run2.pkl (already computed)
Skipping NDAR_INVXM223BAP_run3.pkl (already computed)
Skipping NDAR_INVKD900ED7_run3.pkl (already computed)
Skipping NDAR_INVKH279ZDZ_run3.pkl (already computed)
Skipping NDAR_INVXJ707NAE_run4.pkl (already computed)
Skipping NDAR_INVUZ656BRT_run1.pkl (already computed)
Skipping NDAR_INVAL101MH2_run3.pkl (already computed)
Skipping NDAR_INVDM785DVB_run3.pkl (already computed)
Skipping NDAR_INVCW125BLA_run2.pkl (already computed)
Skipping NDAR_INVHW100CDA_run3.pkl (already computed)
Skipping NDAR_INVKH279ZDZ_run4.pkl (already computed)
Skipping NDAR_INVCW125BLA_run3.pkl (already computed)
Skipping NDAR_INVRX371YHK_run1.pkl (already computed)
Skipping NDAR_INVTR059ATR_run2.pkl (already computed)
Skipping NDAR_INVRC807HPA_run2.pkl (already computed)
Skipping NDAR_INVTR059ATR_run3.pkl (already computed)
Skipping NDAR_INVXA261ZAL_run2.pkl (already computed)
Skipping NDAR_INVCW125BLA_run4.pkl (already computed)
Skipping NDAR_INVZB896FPZ_run2.pkl (already computed)
Skipping NDAR_INVDM785DVB_run1.pkl (already computed)
Skipping NDAR_INVBL733HBP_run3.pkl (already computed)
Skipping NDAR_INVZB896FPZ_run4.pkl (already computed)
Skipping NDAR_INVRC807HPA_run1.pkl (already computed)
Skipping NDAR_INVDD155BRR_run4.pkl (already computed)
Skipping NDAR_INVHG032NYJ_run3.pkl (already computed)
Skipping NDAR_INVDP288XND_run1.pkl (already computed)
Skipping NDAR_INVUY799LKJ_run3.pkl (already computed)
Skipping NDAR_INVRX371YHK_run4.pkl (already computed)
Skipping NDAR_INVLD269XMU_run2.pkl (already computed)
Skipping NDAR_INVBL733HBP_run4.pkl (already computed)
Skipping NDAR_INVFW143KVU_run1.pkl (already computed)
Skipping NDAR_INVWJ708RM0_run1.pkl (already computed)
Skipping NDAR_INVHG032NYJ_run2.pkl (already computed)
Skipping NDAR_INVKD900ED7_run4.pkl (already computed)
Skipping NDAR_INVRC807HPA_run4.pkl (already computed)
Skipping NDAR_INVXJ707NAE_run3.pkl (already computed)
Skipping NDAR_INVWJ708RM0_run4.pkl (already computed)
Skipping NDAR_INVKH965NN0_run4.pkl (already computed)
Skipping NDAR_INVAL101MH2_run4.pkl (already computed)
Skipping NDAR_INVKX727WL8_run3.pkl (already computed)
Skipping NDAR_INVDP288XND_run4.pkl (already computed)
Skipping NDAR_INVRX371YHK_run2.pkl (already computed)
Skipping NDAR_INVZB896FPZ_run3.pkl (already computed)
Skipping NDAR_INVJT253NWQ_run1.pkl (already computed)
Skipping NDAR_INVUZ656BRT_run3.pkl (already computed)
Skipping NDAR_INVDD155BRR_run3.pkl (already computed)
Skipping NDAR_INVXM223BAP_run4.pkl (already computed)
Skipping NDAR_INVWJ708RM0_run2.pkl (already computed)
Skipping NDAR_INVWJ708RM0_run3.pkl (already computed)
Skipping NDAR_INVGN082RP7_run4.pkl (already computed)
Skipping NDAR_INVZB896FPZ_run1.pkl (already computed)
Skipping NDAR_INVZY232VM1_run3.pkl (already computed)
Skipping NDAR_INVWU297KRB_run2.pkl (already computed)
Skipping NDAR_INVWL810FRT_run3.pkl (already computed)
Skipping NDAR_INVXM223BAP_run2.pkl (already computed)
Skipping NDAR_INVDD155BRR_run1.pkl (already computed)
Skipping NDAR_INVUX642KUY_run2.pkl (already computed)
Skipping NDAR_INVDK220VPQ_run4.pkl (already computed)
Skipping NDAR_INVTR059ATR_run1.pkl (already computed)
Skipping NDAR_INVDP288XND_run3.pkl (already computed)
Skipping NDAR_INVUX642KUY_run4.pkl (already computed)
Skipping NDAR_INVVP179WTP_run3.pkl (already computed)
Skipping NDAR_INVDC524THW_run1.pkl (already computed)
Skipping NDAR_INVWL810FRT_run1.pkl (already computed)
Skipping NDAR_INVUZ656BRT_run2.pkl (already computed)
Skipping NDAR_INVPG675JPX_run2.pkl (already computed)
Skipping NDAR_INVPG675JPX_run4.pkl (already computed)
Skipping NDAR_INVWR872ZDB_run1.pkl (already computed)
Skipping NDAR_INVEY681MZ7_run1.pkl (already computed)
Skipping NDAR_INVZU586UPF_run1.pkl (already computed)
Skipping NDAR_INVUY799LKJ_run4.pkl (already computed)
Skipping NDAR_INVUY799LKJ_run2.pkl (already computed)
Skipping NDAR_INVXJ707NAE_run1.pkl (already computed)
Skipping NDAR_INVDM785DVB_run2.pkl (already computed)
Skipping NDAR_INVKD900ED7_run1.pkl (already computed)
Skipping NDAR_INVWR872ZDB_run2.pkl (already computed)
Skipping NDAR_INVDC524THW_run4.pkl (already computed)
Skipping NDAR_INVKX727WL8_run1.pkl (already computed)
Skipping NDAR_INVEY681MZ7_run4.pkl (already computed)
Skipping NDAR_INVFW143KVU_run2.pkl (already computed)
Skipping NDAR_INVUX642KUY_run1.pkl (already computed)
Skipping NDAR_INVVP179WTP_run4.pkl (already computed)
Skipping NDAR_INVJP751NXV_run3.pkl (already computed)
Skipping NDAR_INVUZ656BRT_run4.pkl (already computed)
Skipping NDAR_INVFW143KVU_run3.pkl (already computed)
Skipping NDAR_INVUA181LXU_run3.pkl (already computed)
Skipping NDAR_INVJP751NXV_run2.pkl (already computed)
Skipping NDAR_INVZY232VM1_run1.pkl (already computed)
Skipping NDAR_INVWL810FRT_run2.pkl (already computed)
Skipping NDAR_INVEY681MZ7_run2.pkl (already computed)
Skipping NDAR_INVXA261ZAL_run3.pkl (already computed)
Skipping NDAR_INVUA181LXU_run1.pkl (already computed)
Skipping NDAR_INVEY681MZ7_run3.pkl (already computed)
Skipping NDAR_INVUA181LXU_run2.pkl (already computed)
Skipping NDAR_INVZY232VM1_run4.pkl (already computed)
Skipping NDAR_INVDK220VPQ_run3.pkl (already computed)
Skipping NDAR_INVZU586UPF_run3.pkl (already computed)
Skipping NDAR_INVLD269XMU_run3.pkl (already computed)
Skipping NDAR_INVXA261ZAL_run4.pkl (already computed)
Skipping NDAR_INVKD900ED7_run2.pkl (already computed)
Skipping NDAR_INVDC524THW_run3.pkl (already computed)
Skipping NDAR_INVKH965NN0_run3.pkl (already computed)
Skipping NDAR_INVGN082RP7_run3.pkl (already computed)
Skipping NDAR_INVDK220VPQ_run2.pkl (already computed)
Skipping NDAR_INVFW143KVU_run4.pkl (already computed)
Skipping NDAR_INVLD269XMU_run1.pkl (already computed)
Skipping NDAR_INVRX371YHK_run3.pkl (already computed)
Skipping NDAR_INVKX727WL8_run2.pkl (already computed)
Skipping NDAR_INVAL101MH2_run2.pkl (already computed)
Skipping NDAR_INVDD155BRR_run2.pkl (already computed)
Skipping NDAR_INVJP751NXV_run4.pkl (already computed)
Skipping NDAR_INVHG032NYJ_run4.pkl (already computed)
Skipping NDAR_INVXM223BAP_run1.pkl (already computed)
Skipping NDAR_INVWU297KRB_run3.pkl (already computed)
Skipping NDAR_INVWE937RD6_run3.pkl (already computed)
Skipping NDAR_INVWR872ZDB_run4.pkl (already computed)
Skipping NDAR_INVTR059ATR_run4.pkl (already computed)
Skipping NDAR_INVKH965NN0_run2.pkl (already computed)
Skipping NDAR_INVWU297KRB_run1.pkl (already computed)
Skipping NDAR_INVZY232VM1_run2.pkl (already computed)
Skipping NDAR_INVNB949AXM_run3.pkl (already computed)
Skipping NDAR_INVWE937RD6_run1.pkl (already computed)
Skipping NDAR_INVLT949NAG_run2.pkl (already computed)
Skipping NDAR_INVBL733HBP_run1.pkl (already computed)
Skipping NDAR_INVWR872ZDB_run3.pkl (already computed)
Skipping NDAR_INVLT949NAG_run4.pkl (already computed)
Skipping NDAR_INVWE937RD6_run4.pkl (already computed)

Computing FC matrices for all decomposed runs in /cluster/home/herminea/mental_health_project/test/results/fmri_prep/mvmd/imfs...

Subject: NDAR_INVUA181LXU | Run file: sub-NDARINVUA181LXU_roi_timeseries.h5
Keeping 6/8 IMFs in 0.005-0.25 Hz range
Saved FCs to /cluster/home/herminea/mental_health_project/test/results/fmri_prep/mvmd/fc/NDAR_INVUA181LXU_run4_fc.pkl

Subject: NDAR_INVUY799LKJ | Run file: sub-NDARINVUY799LKJ_roi_timeseries.h5
Keeping 6/8 IMFs in 0.005-0.25 Hz range
Saved FCs to /cluster/home/herminea/mental_health_project/test/results/fmri_prep/mvmd/fc/NDAR_INVUY799LKJ_run1_fc.pkl

Subject: NDAR_INVKX727WL8 | Run file: sub-NDARINVKX727WL8_roi_timeseries.h5
Keeping 5/8 IMFs in 0.005-0.25 Hz range
Saved FCs to /cluster/home/herminea/mental_health_project/test/results/fmri_prep/mvmd/fc/NDAR_INVKX727WL8_run4_fc.pkl

Subject: NDAR_INVJP751NXV | Run file: sub-NDARINVJP751NXV_roi_timeseries.h5
Keeping 5/8 IMFs in 0.005-0.25 Hz range
Saved FCs to /cluster/home/herminea/mental_health_project/test/results/fmri_prep/mvmd/fc/NDAR_INVJP751NXV_run1_fc.pkl

Subject: NDAR_INVKH279ZDZ | Run file: sub-NDARINVKH279ZDZ_roi_timeseries.h5
Keeping 6/8 IMFs in 0.005-0.25 Hz range
Saved FCs to /cluster/home/herminea/mental_health_project/test/results/fmri_prep/mvmd/fc/NDAR_INVKH279ZDZ_run2_fc.pkl

Subject: NDAR_INVLT949NAG | Run file: sub-NDARINVLT949NAG_roi_timeseries.h5
Keeping 6/8 IMFs in 0.005-0.25 Hz range
Saved FCs to /cluster/home/herminea/mental_health_project/test/results/fmri_prep/mvmd/fc/NDAR_INVLT949NAG_run1_fc.pkl

Subject: NDAR_INVWL810FRT | Run file: sub-NDARINVWL810FRT_roi_timeseries.h5
Keeping 6/8 IMFs in 0.005-0.25 Hz range
Saved FCs to /cluster/home/herminea/mental_health_project/test/results/fmri_prep/mvmd/fc/NDAR_INVWL810FRT_run4_fc.pkl

Subject: NDAR_INVDC524THW | Run file: sub-NDARINVDC524THW_roi_timeseries.h5
Keeping 6/8 IMFs in 0.005-0.25 Hz range
Saved FCs to /cluster/home/herminea/mental_health_project/test/results/fmri_prep/mvmd/fc/NDAR_INVDC524THW_run2_fc.pkl

Subject: NDAR_INVAL101MH2 | Run file: sub-NDARINVAL101MH2_roi_timeseries.h5
Keeping 6/8 IMFs in 0.005-0.25 Hz range
Saved FCs to /cluster/home/herminea/mental_health_project/test/results/fmri_prep/mvmd/fc/NDAR_INVAL101MH2_run1_fc.pkl

Subject: NDAR_INVLT949NAG | Run file: sub-NDARINVLT949NAG_roi_timeseries.h5
Keeping 6/8 IMFs in 0.005-0.25 Hz range
Saved FCs to /cluster/home/herminea/mental_health_project/test/results/fmri_prep/mvmd/fc/NDAR_INVLT949NAG_run3_fc.pkl

Subject: NDAR_INVDM785DVB | Run file: sub-NDARINVDM785DVB_roi_timeseries.h5
Keeping 6/8 IMFs in 0.005-0.25 Hz range
Saved FCs to /cluster/home/herminea/mental_health_project/test/results/fmri_prep/mvmd/fc/NDAR_INVDM785DVB_run4_fc.pkl

Subject: NDAR_INVXJ707NAE | Run file: sub-NDARINVXJ707NAE_roi_timeseries.h5
Keeping 6/8 IMFs in 0.005-0.25 Hz range
Saved FCs to /cluster/home/herminea/mental_health_project/test/results/fmri_prep/mvmd/fc/NDAR_INVXJ707NAE_run2_fc.pkl

Subject: NDAR_INVHG032NYJ | Run file: sub-NDARINVHG032NYJ_roi_timeseries.h5
Keeping 6/8 IMFs in 0.005-0.25 Hz range
Saved FCs to /cluster/home/herminea/mental_health_project/test/results/fmri_prep/mvmd/fc/NDAR_INVHG032NYJ_run1_fc.pkl

Subject: NDAR_INVVP179WTP | Run file: sub-NDARINVVP179WTP_roi_timeseries.h5
Keeping 6/8 IMFs in 0.005-0.25 Hz range
Saved FCs to /cluster/home/herminea/mental_health_project/test/results/fmri_prep/mvmd/fc/NDAR_INVVP179WTP_run1_fc.pkl

Subject: NDAR_INVGN082RP7 | Run file: sub-NDARINVGN082RP7_roi_timeseries.h5
Keeping 6/8 IMFs in 0.005-0.25 Hz range
Saved FCs to /cluster/home/herminea/mental_health_project/test/results/fmri_prep/mvmd/fc/NDAR_INVGN082RP7_run1_fc.pkl

Subject: NDAR_INVHW100CDA | Run file: sub-NDARINVHW100CDA_roi_timeseries.h5
Keeping 5/8 IMFs in 0.005-0.25 Hz range
Saved FCs to /cluster/home/herminea/mental_health_project/test/results/fmri_prep/mvmd/fc/NDAR_INVHW100CDA_run2_fc.pkl

Subject: NDAR_INVNB949AXM | Run file: sub-NDARINVNB949AXM_roi_timeseries.h5
Keeping 6/8 IMFs in 0.005-0.25 Hz range
Saved FCs to /cluster/home/herminea/mental_health_project/test/results/fmri_prep/mvmd/fc/NDAR_INVNB949AXM_run2_fc.pkl

Subject: NDAR_INVWU297KRB | Run file: sub-NDARINVWU297KRB_roi_timeseries.h5
Keeping 6/8 IMFs in 0.005-0.25 Hz range
Saved FCs to /cluster/home/herminea/mental_health_project/test/results/fmri_prep/mvmd/fc/NDAR_INVWU297KRB_run4_fc.pkl

Subject: NDAR_INVNB949AXM | Run file: sub-NDARINVNB949AXM_roi_timeseries.h5
Keeping 6/8 IMFs in 0.005-0.25 Hz range
Saved FCs to /cluster/home/herminea/mental_health_project/test/results/fmri_prep/mvmd/fc/NDAR_INVNB949AXM_run4_fc.pkl

Subject: NDAR_INVCW125BLA | Run file: sub-NDARINVCW125BLA_roi_timeseries.h5
Keeping 6/8 IMFs in 0.005-0.25 Hz range
Saved FCs to /cluster/home/herminea/mental_health_project/test/results/fmri_prep/mvmd/fc/NDAR_INVCW125BLA_run1_fc.pkl

Subject: NDAR_INVZU586UPF | Run file: sub-NDARINVZU586UPF_roi_timeseries.h5
Keeping 5/8 IMFs in 0.005-0.25 Hz range
Saved FCs to /cluster/home/herminea/mental_health_project/test/results/fmri_prep/mvmd/fc/NDAR_INVZU586UPF_run4_fc.pkl

Subject: NDAR_INVLD269XMU | Run file: sub-NDARINVLD269XMU_roi_timeseries.h5
Keeping 5/8 IMFs in 0.005-0.25 Hz range
Saved FCs to /cluster/home/herminea/mental_health_project/test/results/fmri_prep/mvmd/fc/NDAR_INVLD269XMU_run4_fc.pkl

Subject: NDAR_INVUX642KUY | Run file: sub-NDARINVUX642KUY_roi_timeseries.h5
Keeping 5/8 IMFs in 0.005-0.25 Hz range
Saved FCs to /cluster/home/herminea/mental_health_project/test/results/fmri_prep/mvmd/fc/NDAR_INVUX642KUY_run3_fc.pkl

Subject: NDAR_INVZU586UPF | Run file: sub-NDARINVZU586UPF_roi_timeseries.h5
Keeping 5/8 IMFs in 0.005-0.25 Hz range
Saved FCs to /cluster/home/herminea/mental_health_project/test/results/fmri_prep/mvmd/fc/NDAR_INVZU586UPF_run2_fc.pkl

Subject: NDAR_INVWE937RD6 | Run file: sub-NDARINVWE937RD6_roi_timeseries.h5
Keeping 6/8 IMFs in 0.005-0.25 Hz range
Saved FCs to /cluster/home/herminea/mental_health_project/test/results/fmri_prep/mvmd/fc/NDAR_INVWE937RD6_run2_fc.pkl

Subject: NDAR_INVXA261ZAL | Run file: sub-NDARINVXA261ZAL_roi_timeseries.h5
Keeping 6/8 IMFs in 0.005-0.25 Hz range
Saved FCs to /cluster/home/herminea/mental_health_project/test/results/fmri_prep/mvmd/fc/NDAR_INVXA261ZAL_run1_fc.pkl

Subject: NDAR_INVHW100CDA | Run file: sub-NDARINVHW100CDA_roi_timeseries.h5
Keeping 5/8 IMFs in 0.005-0.25 Hz range
Saved FCs to /cluster/home/herminea/mental_health_project/test/results/fmri_prep/mvmd/fc/NDAR_INVHW100CDA_run1_fc.pkl

Subject: NDAR_INVRC807HPA | Run file: sub-NDARINVRC807HPA_roi_timeseries.h5
Keeping 6/8 IMFs in 0.005-0.25 Hz range
Saved FCs to /cluster/home/herminea/mental_health_project/test/results/fmri_prep/mvmd/fc/NDAR_INVRC807HPA_run3_fc.pkl

Subject: NDAR_INVPG675JPX | Run file: sub-NDARINVPG675JPX_roi_timeseries.h5
Keeping 6/8 IMFs in 0.005-0.25 Hz range
Saved FCs to /cluster/home/herminea/mental_health_project/test/results/fmri_prep/mvmd/fc/NDAR_INVPG675JPX_run1_fc.pkl

Subject: NDAR_INVVP179WTP | Run file: sub-NDARINVVP179WTP_roi_timeseries.h5
Keeping 6/8 IMFs in 0.005-0.25 Hz range
Saved FCs to /cluster/home/herminea/mental_health_project/test/results/fmri_prep/mvmd/fc/NDAR_INVVP179WTP_run2_fc.pkl

Subject: NDAR_INVGN082RP7 | Run file: sub-NDARINVGN082RP7_roi_timeseries.h5
Keeping 6/8 IMFs in 0.005-0.25 Hz range
Saved FCs to /cluster/home/herminea/mental_health_project/test/results/fmri_prep/mvmd/fc/NDAR_INVGN082RP7_run2_fc.pkl

Subject: NDAR_INVDK220VPQ | Run file: sub-NDARINVDK220VPQ_roi_timeseries.h5
Keeping 5/8 IMFs in 0.005-0.25 Hz range
Saved FCs to /cluster/home/herminea/mental_health_project/test/results/fmri_prep/mvmd/fc/NDAR_INVDK220VPQ_run1_fc.pkl

Subject: NDAR_INVKH965NN0 | Run file: sub-NDARINVKH965NN0_roi_timeseries.h5
Keeping 6/8 IMFs in 0.005-0.25 Hz range
Saved FCs to /cluster/home/herminea/mental_health_project/test/results/fmri_prep/mvmd/fc/NDAR_INVKH965NN0_run1_fc.pkl

Subject: NDAR_INVDP288XND | Run file: sub-NDARINVDP288XND_roi_timeseries.h5
Keeping 6/8 IMFs in 0.005-0.25 Hz range
Saved FCs to /cluster/home/herminea/mental_health_project/test/results/fmri_prep/mvmd/fc/NDAR_INVDP288XND_run2_fc.pkl

Subject: NDAR_INVPG675JPX | Run file: sub-NDARINVPG675JPX_roi_timeseries.h5
Keeping 6/8 IMFs in 0.005-0.25 Hz range
Saved FCs to /cluster/home/herminea/mental_health_project/test/results/fmri_prep/mvmd/fc/NDAR_INVPG675JPX_run3_fc.pkl

Subject: NDAR_INVJT253NWQ | Run file: sub-NDARINVJT253NWQ_roi_timeseries.h5
Keeping 6/8 IMFs in 0.005-0.25 Hz range
Saved FCs to /cluster/home/herminea/mental_health_project/test/results/fmri_prep/mvmd/fc/NDAR_INVJT253NWQ_run2_fc.pkl

Subject: NDAR_INVKH279ZDZ | Run file: sub-NDARINVKH279ZDZ_roi_timeseries.h5
Keeping 6/8 IMFs in 0.005-0.25 Hz range
Saved FCs to /cluster/home/herminea/mental_health_project/test/results/fmri_prep/mvmd/fc/NDAR_INVKH279ZDZ_run1_fc.pkl

Subject: NDAR_INVNB949AXM | Run file: sub-NDARINVNB949AXM_roi_timeseries.h5
Keeping 6/8 IMFs in 0.005-0.25 Hz range
Saved FCs to /cluster/home/herminea/mental_health_project/test/results/fmri_prep/mvmd/fc/NDAR_INVNB949AXM_run1_fc.pkl

Subject: NDAR_INVBL733HBP | Run file: sub-NDARINVBL733HBP_roi_timeseries.h5
Keeping 6/8 IMFs in 0.005-0.25 Hz range
Saved FCs to /cluster/home/herminea/mental_health_project/test/results/fmri_prep/mvmd/fc/NDAR_INVBL733HBP_run2_fc.pkl

Subject: NDAR_INVXM223BAP | Run file: sub-NDARINVXM223BAP_roi_timeseries.h5
Keeping 6/8 IMFs in 0.005-0.25 Hz range
Saved FCs to /cluster/home/herminea/mental_health_project/test/results/fmri_prep/mvmd/fc/NDAR_INVXM223BAP_run3_fc.pkl

Subject: NDAR_INVKD900ED7 | Run file: sub-NDARINVKD900ED7_roi_timeseries.h5
Keeping 5/8 IMFs in 0.005-0.25 Hz range
Saved FCs to /cluster/home/herminea/mental_health_project/test/results/fmri_prep/mvmd/fc/NDAR_INVKD900ED7_run3_fc.pkl

Subject: NDAR_INVKH279ZDZ | Run file: sub-NDARINVKH279ZDZ_roi_timeseries.h5
Keeping 5/8 IMFs in 0.005-0.25 Hz range
Saved FCs to /cluster/home/herminea/mental_health_project/test/results/fmri_prep/mvmd/fc/NDAR_INVKH279ZDZ_run3_fc.pkl

Subject: NDAR_INVXJ707NAE | Run file: sub-NDARINVXJ707NAE_roi_timeseries.h5
Keeping 6/8 IMFs in 0.005-0.25 Hz range
Saved FCs to /cluster/home/herminea/mental_health_project/test/results/fmri_prep/mvmd/fc/NDAR_INVXJ707NAE_run4_fc.pkl

Subject: NDAR_INVUZ656BRT | Run file: sub-NDARINVUZ656BRT_roi_timeseries.h5
Keeping 5/8 IMFs in 0.005-0.25 Hz range
Saved FCs to /cluster/home/herminea/mental_health_project/test/results/fmri_prep/mvmd/fc/NDAR_INVUZ656BRT_run1_fc.pkl

Subject: NDAR_INVAL101MH2 | Run file: sub-NDARINVAL101MH2_roi_timeseries.h5
Keeping 6/8 IMFs in 0.005-0.25 Hz range
Saved FCs to /cluster/home/herminea/mental_health_project/test/results/fmri_prep/mvmd/fc/NDAR_INVAL101MH2_run3_fc.pkl

Subject: NDAR_INVDM785DVB | Run file: sub-NDARINVDM785DVB_roi_timeseries.h5
Keeping 6/8 IMFs in 0.005-0.25 Hz range
Saved FCs to /cluster/home/herminea/mental_health_project/test/results/fmri_prep/mvmd/fc/NDAR_INVDM785DVB_run3_fc.pkl

Subject: NDAR_INVCW125BLA | Run file: sub-NDARINVCW125BLA_roi_timeseries.h5
Keeping 6/8 IMFs in 0.005-0.25 Hz range
Saved FCs to /cluster/home/herminea/mental_health_project/test/results/fmri_prep/mvmd/fc/NDAR_INVCW125BLA_run2_fc.pkl

Subject: NDAR_INVHW100CDA | Run file: sub-NDARINVHW100CDA_roi_timeseries.h5
Keeping 6/8 IMFs in 0.005-0.25 Hz range
Saved FCs to /cluster/home/herminea/mental_health_project/test/results/fmri_prep/mvmd/fc/NDAR_INVHW100CDA_run3_fc.pkl

Subject: NDAR_INVKH279ZDZ | Run file: sub-NDARINVKH279ZDZ_roi_timeseries.h5
Keeping 6/8 IMFs in 0.005-0.25 Hz range
Saved FCs to /cluster/home/herminea/mental_health_project/test/results/fmri_prep/mvmd/fc/NDAR_INVKH279ZDZ_run4_fc.pkl

Subject: NDAR_INVCW125BLA | Run file: sub-NDARINVCW125BLA_roi_timeseries.h5
Keeping 6/8 IMFs in 0.005-0.25 Hz range
Saved FCs to /cluster/home/herminea/mental_health_project/test/results/fmri_prep/mvmd/fc/NDAR_INVCW125BLA_run3_fc.pkl

Subject: NDAR_INVRX371YHK | Run file: sub-NDARINVRX371YHK_roi_timeseries.h5
Keeping 6/8 IMFs in 0.005-0.25 Hz range
Saved FCs to /cluster/home/herminea/mental_health_project/test/results/fmri_prep/mvmd/fc/NDAR_INVRX371YHK_run1_fc.pkl

Subject: NDAR_INVTR059ATR | Run file: sub-NDARINVTR059ATR_roi_timeseries.h5
Keeping 5/8 IMFs in 0.005-0.25 Hz range
Saved FCs to /cluster/home/herminea/mental_health_project/test/results/fmri_prep/mvmd/fc/NDAR_INVTR059ATR_run2_fc.pkl

Subject: NDAR_INVRC807HPA | Run file: sub-NDARINVRC807HPA_roi_timeseries.h5
Keeping 5/8 IMFs in 0.005-0.25 Hz range
Saved FCs to /cluster/home/herminea/mental_health_project/test/results/fmri_prep/mvmd/fc/NDAR_INVRC807HPA_run2_fc.pkl

Subject: NDAR_INVTR059ATR | Run file: sub-NDARINVTR059ATR_roi_timeseries.h5
Keeping 5/8 IMFs in 0.005-0.25 Hz range
Saved FCs to /cluster/home/herminea/mental_health_project/test/results/fmri_prep/mvmd/fc/NDAR_INVTR059ATR_run3_fc.pkl

Subject: NDAR_INVXA261ZAL | Run file: sub-NDARINVXA261ZAL_roi_timeseries.h5
Keeping 6/8 IMFs in 0.005-0.25 Hz range
Saved FCs to /cluster/home/herminea/mental_health_project/test/results/fmri_prep/mvmd/fc/NDAR_INVXA261ZAL_run2_fc.pkl

Subject: NDAR_INVCW125BLA | Run file: sub-NDARINVCW125BLA_roi_timeseries.h5
Keeping 6/8 IMFs in 0.005-0.25 Hz range
Saved FCs to /cluster/home/herminea/mental_health_project/test/results/fmri_prep/mvmd/fc/NDAR_INVCW125BLA_run4_fc.pkl

Subject: NDAR_INVZB896FPZ | Run file: sub-NDARINVZB896FPZ_roi_timeseries.h5
Keeping 6/8 IMFs in 0.005-0.25 Hz range
Saved FCs to /cluster/home/herminea/mental_health_project/test/results/fmri_prep/mvmd/fc/NDAR_INVZB896FPZ_run2_fc.pkl

Subject: NDAR_INVDM785DVB | Run file: sub-NDARINVDM785DVB_roi_timeseries.h5
Keeping 5/8 IMFs in 0.005-0.25 Hz range
Saved FCs to /cluster/home/herminea/mental_health_project/test/results/fmri_prep/mvmd/fc/NDAR_INVDM785DVB_run1_fc.pkl

Subject: NDAR_INVBL733HBP | Run file: sub-NDARINVBL733HBP_roi_timeseries.h5
Keeping 6/8 IMFs in 0.005-0.25 Hz range
Saved FCs to /cluster/home/herminea/mental_health_project/test/results/fmri_prep/mvmd/fc/NDAR_INVBL733HBP_run3_fc.pkl

Subject: NDAR_INVZB896FPZ | Run file: sub-NDARINVZB896FPZ_roi_timeseries.h5
Keeping 6/8 IMFs in 0.005-0.25 Hz range
Saved FCs to /cluster/home/herminea/mental_health_project/test/results/fmri_prep/mvmd/fc/NDAR_INVZB896FPZ_run4_fc.pkl

Subject: NDAR_INVRC807HPA | Run file: sub-NDARINVRC807HPA_roi_timeseries.h5
Keeping 6/8 IMFs in 0.005-0.25 Hz range
Saved FCs to /cluster/home/herminea/mental_health_project/test/results/fmri_prep/mvmd/fc/NDAR_INVRC807HPA_run1_fc.pkl

Subject: NDAR_INVDD155BRR | Run file: sub-NDARINVDD155BRR_roi_timeseries.h5
Keeping 6/8 IMFs in 0.005-0.25 Hz range
Saved FCs to /cluster/home/herminea/mental_health_project/test/results/fmri_prep/mvmd/fc/NDAR_INVDD155BRR_run4_fc.pkl

Subject: NDAR_INVHG032NYJ | Run file: sub-NDARINVHG032NYJ_roi_timeseries.h5
Keeping 6/8 IMFs in 0.005-0.25 Hz range
Saved FCs to /cluster/home/herminea/mental_health_project/test/results/fmri_prep/mvmd/fc/NDAR_INVHG032NYJ_run3_fc.pkl

Subject: NDAR_INVDP288XND | Run file: sub-NDARINVDP288XND_roi_timeseries.h5
Keeping 6/8 IMFs in 0.005-0.25 Hz range
Saved FCs to /cluster/home/herminea/mental_health_project/test/results/fmri_prep/mvmd/fc/NDAR_INVDP288XND_run1_fc.pkl

Subject: NDAR_INVUY799LKJ | Run file: sub-NDARINVUY799LKJ_roi_timeseries.h5
Keeping 6/8 IMFs in 0.005-0.25 Hz range
Saved FCs to /cluster/home/herminea/mental_health_project/test/results/fmri_prep/mvmd/fc/NDAR_INVUY799LKJ_run3_fc.pkl

Subject: NDAR_INVRX371YHK | Run file: sub-NDARINVRX371YHK_roi_timeseries.h5
Keeping 6/8 IMFs in 0.005-0.25 Hz range
Saved FCs to /cluster/home/herminea/mental_health_project/test/results/fmri_prep/mvmd/fc/NDAR_INVRX371YHK_run4_fc.pkl

Subject: NDAR_INVLD269XMU | Run file: sub-NDARINVLD269XMU_roi_timeseries.h5
Keeping 5/8 IMFs in 0.005-0.25 Hz range
Saved FCs to /cluster/home/herminea/mental_health_project/test/results/fmri_prep/mvmd/fc/NDAR_INVLD269XMU_run2_fc.pkl

Subject: NDAR_INVBL733HBP | Run file: sub-NDARINVBL733HBP_roi_timeseries.h5
Keeping 6/8 IMFs in 0.005-0.25 Hz range
Saved FCs to /cluster/home/herminea/mental_health_project/test/results/fmri_prep/mvmd/fc/NDAR_INVBL733HBP_run4_fc.pkl

Subject: NDAR_INVFW143KVU | Run file: sub-NDARINVFW143KVU_roi_timeseries.h5
Keeping 5/8 IMFs in 0.005-0.25 Hz range
Saved FCs to /cluster/home/herminea/mental_health_project/test/results/fmri_prep/mvmd/fc/NDAR_INVFW143KVU_run1_fc.pkl

Subject: NDAR_INVWJ708RM0 | Run file: sub-NDARINVWJ708RM0_roi_timeseries.h5
Keeping 6/8 IMFs in 0.005-0.25 Hz range
Saved FCs to /cluster/home/herminea/mental_health_project/test/results/fmri_prep/mvmd/fc/NDAR_INVWJ708RM0_run1_fc.pkl

Subject: NDAR_INVHG032NYJ | Run file: sub-NDARINVHG032NYJ_roi_timeseries.h5
Keeping 6/8 IMFs in 0.005-0.25 Hz range
Saved FCs to /cluster/home/herminea/mental_health_project/test/results/fmri_prep/mvmd/fc/NDAR_INVHG032NYJ_run2_fc.pkl

Subject: NDAR_INVKD900ED7 | Run file: sub-NDARINVKD900ED7_roi_timeseries.h5
Keeping 5/8 IMFs in 0.005-0.25 Hz range
Saved FCs to /cluster/home/herminea/mental_health_project/test/results/fmri_prep/mvmd/fc/NDAR_INVKD900ED7_run4_fc.pkl

Subject: NDAR_INVRC807HPA | Run file: sub-NDARINVRC807HPA_roi_timeseries.h5
Keeping 5/8 IMFs in 0.005-0.25 Hz range
Saved FCs to /cluster/home/herminea/mental_health_project/test/results/fmri_prep/mvmd/fc/NDAR_INVRC807HPA_run4_fc.pkl

Subject: NDAR_INVXJ707NAE | Run file: sub-NDARINVXJ707NAE_roi_timeseries.h5
Keeping 6/8 IMFs in 0.005-0.25 Hz range
Saved FCs to /cluster/home/herminea/mental_health_project/test/results/fmri_prep/mvmd/fc/NDAR_INVXJ707NAE_run3_fc.pkl

Subject: NDAR_INVWJ708RM0 | Run file: sub-NDARINVWJ708RM0_roi_timeseries.h5
Keeping 6/8 IMFs in 0.005-0.25 Hz range
Saved FCs to /cluster/home/herminea/mental_health_project/test/results/fmri_prep/mvmd/fc/NDAR_INVWJ708RM0_run4_fc.pkl

Subject: NDAR_INVKH965NN0 | Run file: sub-NDARINVKH965NN0_roi_timeseries.h5
Keeping 6/8 IMFs in 0.005-0.25 Hz range
Saved FCs to /cluster/home/herminea/mental_health_project/test/results/fmri_prep/mvmd/fc/NDAR_INVKH965NN0_run4_fc.pkl

Subject: NDAR_INVAL101MH2 | Run file: sub-NDARINVAL101MH2_roi_timeseries.h5
Keeping 6/8 IMFs in 0.005-0.25 Hz range
Saved FCs to /cluster/home/herminea/mental_health_project/test/results/fmri_prep/mvmd/fc/NDAR_INVAL101MH2_run4_fc.pkl

Subject: NDAR_INVKX727WL8 | Run file: sub-NDARINVKX727WL8_roi_timeseries.h5
Keeping 5/8 IMFs in 0.005-0.25 Hz range
Saved FCs to /cluster/home/herminea/mental_health_project/test/results/fmri_prep/mvmd/fc/NDAR_INVKX727WL8_run3_fc.pkl

Subject: NDAR_INVDP288XND | Run file: sub-NDARINVDP288XND_roi_timeseries.h5
Keeping 6/8 IMFs in 0.005-0.25 Hz range
Saved FCs to /cluster/home/herminea/mental_health_project/test/results/fmri_prep/mvmd/fc/NDAR_INVDP288XND_run4_fc.pkl

Subject: NDAR_INVRX371YHK | Run file: sub-NDARINVRX371YHK_roi_timeseries.h5
Keeping 6/8 IMFs in 0.005-0.25 Hz range
Saved FCs to /cluster/home/herminea/mental_health_project/test/results/fmri_prep/mvmd/fc/NDAR_INVRX371YHK_run2_fc.pkl

Subject: NDAR_INVZB896FPZ | Run file: sub-NDARINVZB896FPZ_roi_timeseries.h5
Keeping 6/8 IMFs in 0.005-0.25 Hz range
Saved FCs to /cluster/home/herminea/mental_health_project/test/results/fmri_prep/mvmd/fc/NDAR_INVZB896FPZ_run3_fc.pkl

Subject: NDAR_INVJT253NWQ | Run file: sub-NDARINVJT253NWQ_roi_timeseries.h5
Keeping 6/8 IMFs in 0.005-0.25 Hz range
Saved FCs to /cluster/home/herminea/mental_health_project/test/results/fmri_prep/mvmd/fc/NDAR_INVJT253NWQ_run1_fc.pkl

Subject: NDAR_INVUZ656BRT | Run file: sub-NDARINVUZ656BRT_roi_timeseries.h5
Keeping 5/8 IMFs in 0.005-0.25 Hz range
Saved FCs to /cluster/home/herminea/mental_health_project/test/results/fmri_prep/mvmd/fc/NDAR_INVUZ656BRT_run3_fc.pkl

Subject: NDAR_INVDD155BRR | Run file: sub-NDARINVDD155BRR_roi_timeseries.h5
Keeping 6/8 IMFs in 0.005-0.25 Hz range
Saved FCs to /cluster/home/herminea/mental_health_project/test/results/fmri_prep/mvmd/fc/NDAR_INVDD155BRR_run3_fc.pkl

Subject: NDAR_INVXM223BAP | Run file: sub-NDARINVXM223BAP_roi_timeseries.h5
Keeping 6/8 IMFs in 0.005-0.25 Hz range
Saved FCs to /cluster/home/herminea/mental_health_project/test/results/fmri_prep/mvmd/fc/NDAR_INVXM223BAP_run4_fc.pkl

Subject: NDAR_INVWJ708RM0 | Run file: sub-NDARINVWJ708RM0_roi_timeseries.h5
Keeping 6/8 IMFs in 0.005-0.25 Hz range
Saved FCs to /cluster/home/herminea/mental_health_project/test/results/fmri_prep/mvmd/fc/NDAR_INVWJ708RM0_run2_fc.pkl

Subject: NDAR_INVWJ708RM0 | Run file: sub-NDARINVWJ708RM0_roi_timeseries.h5
Keeping 6/8 IMFs in 0.005-0.25 Hz range
Saved FCs to /cluster/home/herminea/mental_health_project/test/results/fmri_prep/mvmd/fc/NDAR_INVWJ708RM0_run3_fc.pkl

Subject: NDAR_INVGN082RP7 | Run file: sub-NDARINVGN082RP7_roi_timeseries.h5
Keeping 6/8 IMFs in 0.005-0.25 Hz range
Saved FCs to /cluster/home/herminea/mental_health_project/test/results/fmri_prep/mvmd/fc/NDAR_INVGN082RP7_run4_fc.pkl

Subject: NDAR_INVZB896FPZ | Run file: sub-NDARINVZB896FPZ_roi_timeseries.h5
Keeping 6/8 IMFs in 0.005-0.25 Hz range
Saved FCs to /cluster/home/herminea/mental_health_project/test/results/fmri_prep/mvmd/fc/NDAR_INVZB896FPZ_run1_fc.pkl

Subject: NDAR_INVZY232VM1 | Run file: sub-NDARINVZY232VM1_roi_timeseries.h5
Keeping 6/8 IMFs in 0.005-0.25 Hz range
Saved FCs to /cluster/home/herminea/mental_health_project/test/results/fmri_prep/mvmd/fc/NDAR_INVZY232VM1_run3_fc.pkl

Subject: NDAR_INVWU297KRB | Run file: sub-NDARINVWU297KRB_roi_timeseries.h5
Keeping 6/8 IMFs in 0.005-0.25 Hz range
Saved FCs to /cluster/home/herminea/mental_health_project/test/results/fmri_prep/mvmd/fc/NDAR_INVWU297KRB_run2_fc.pkl

Subject: NDAR_INVWL810FRT | Run file: sub-NDARINVWL810FRT_roi_timeseries.h5
Keeping 6/8 IMFs in 0.005-0.25 Hz range
Saved FCs to /cluster/home/herminea/mental_health_project/test/results/fmri_prep/mvmd/fc/NDAR_INVWL810FRT_run3_fc.pkl

Subject: NDAR_INVXM223BAP | Run file: sub-NDARINVXM223BAP_roi_timeseries.h5
Keeping 6/8 IMFs in 0.005-0.25 Hz range
Saved FCs to /cluster/home/herminea/mental_health_project/test/results/fmri_prep/mvmd/fc/NDAR_INVXM223BAP_run2_fc.pkl

Subject: NDAR_INVDD155BRR | Run file: sub-NDARINVDD155BRR_roi_timeseries.h5
Keeping 6/8 IMFs in 0.005-0.25 Hz range
Saved FCs to /cluster/home/herminea/mental_health_project/test/results/fmri_prep/mvmd/fc/NDAR_INVDD155BRR_run1_fc.pkl

Subject: NDAR_INVUX642KUY | Run file: sub-NDARINVUX642KUY_roi_timeseries.h5
Keeping 5/8 IMFs in 0.005-0.25 Hz range
Saved FCs to /cluster/home/herminea/mental_health_project/test/results/fmri_prep/mvmd/fc/NDAR_INVUX642KUY_run2_fc.pkl

Subject: NDAR_INVDK220VPQ | Run file: sub-NDARINVDK220VPQ_roi_timeseries.h5
Keeping 5/8 IMFs in 0.005-0.25 Hz range
Saved FCs to /cluster/home/herminea/mental_health_project/test/results/fmri_prep/mvmd/fc/NDAR_INVDK220VPQ_run4_fc.pkl

Subject: NDAR_INVTR059ATR | Run file: sub-NDARINVTR059ATR_roi_timeseries.h5
Keeping 6/8 IMFs in 0.005-0.25 Hz range
Saved FCs to /cluster/home/herminea/mental_health_project/test/results/fmri_prep/mvmd/fc/NDAR_INVTR059ATR_run1_fc.pkl

Subject: NDAR_INVDP288XND | Run file: sub-NDARINVDP288XND_roi_timeseries.h5
Keeping 6/8 IMFs in 0.005-0.25 Hz range
Saved FCs to /cluster/home/herminea/mental_health_project/test/results/fmri_prep/mvmd/fc/NDAR_INVDP288XND_run3_fc.pkl

Subject: NDAR_INVUX642KUY | Run file: sub-NDARINVUX642KUY_roi_timeseries.h5
Keeping 5/8 IMFs in 0.005-0.25 Hz range
Saved FCs to /cluster/home/herminea/mental_health_project/test/results/fmri_prep/mvmd/fc/NDAR_INVUX642KUY_run4_fc.pkl

Subject: NDAR_INVVP179WTP | Run file: sub-NDARINVVP179WTP_roi_timeseries.h5
Keeping 6/8 IMFs in 0.005-0.25 Hz range
Saved FCs to /cluster/home/herminea/mental_health_project/test/results/fmri_prep/mvmd/fc/NDAR_INVVP179WTP_run3_fc.pkl

Subject: NDAR_INVDC524THW | Run file: sub-NDARINVDC524THW_roi_timeseries.h5
Keeping 6/8 IMFs in 0.005-0.25 Hz range
Saved FCs to /cluster/home/herminea/mental_health_project/test/results/fmri_prep/mvmd/fc/NDAR_INVDC524THW_run1_fc.pkl

Subject: NDAR_INVWL810FRT | Run file: sub-NDARINVWL810FRT_roi_timeseries.h5
Keeping 6/8 IMFs in 0.005-0.25 Hz range
Saved FCs to /cluster/home/herminea/mental_health_project/test/results/fmri_prep/mvmd/fc/NDAR_INVWL810FRT_run1_fc.pkl

Subject: NDAR_INVUZ656BRT | Run file: sub-NDARINVUZ656BRT_roi_timeseries.h5
Keeping 5/8 IMFs in 0.005-0.25 Hz range
Saved FCs to /cluster/home/herminea/mental_health_project/test/results/fmri_prep/mvmd/fc/NDAR_INVUZ656BRT_run2_fc.pkl

Subject: NDAR_INVPG675JPX | Run file: sub-NDARINVPG675JPX_roi_timeseries.h5
Keeping 6/8 IMFs in 0.005-0.25 Hz range
Saved FCs to /cluster/home/herminea/mental_health_project/test/results/fmri_prep/mvmd/fc/NDAR_INVPG675JPX_run2_fc.pkl

Subject: NDAR_INVPG675JPX | Run file: sub-NDARINVPG675JPX_roi_timeseries.h5
Keeping 6/8 IMFs in 0.005-0.25 Hz range
Saved FCs to /cluster/home/herminea/mental_health_project/test/results/fmri_prep/mvmd/fc/NDAR_INVPG675JPX_run4_fc.pkl

Subject: NDAR_INVWR872ZDB | Run file: sub-NDARINVWR872ZDB_roi_timeseries.h5
Keeping 6/8 IMFs in 0.005-0.25 Hz range
Saved FCs to /cluster/home/herminea/mental_health_project/test/results/fmri_prep/mvmd/fc/NDAR_INVWR872ZDB_run1_fc.pkl

Subject: NDAR_INVEY681MZ7 | Run file: sub-NDARINVEY681MZ7_roi_timeseries.h5
Keeping 6/8 IMFs in 0.005-0.25 Hz range
Saved FCs to /cluster/home/herminea/mental_health_project/test/results/fmri_prep/mvmd/fc/NDAR_INVEY681MZ7_run1_fc.pkl

Subject: NDAR_INVZU586UPF | Run file: sub-NDARINVZU586UPF_roi_timeseries.h5
Keeping 6/8 IMFs in 0.005-0.25 Hz range
Saved FCs to /cluster/home/herminea/mental_health_project/test/results/fmri_prep/mvmd/fc/NDAR_INVZU586UPF_run1_fc.pkl

Subject: NDAR_INVUY799LKJ | Run file: sub-NDARINVUY799LKJ_roi_timeseries.h5
Keeping 6/8 IMFs in 0.005-0.25 Hz range
Saved FCs to /cluster/home/herminea/mental_health_project/test/results/fmri_prep/mvmd/fc/NDAR_INVUY799LKJ_run4_fc.pkl

Subject: NDAR_INVUY799LKJ | Run file: sub-NDARINVUY799LKJ_roi_timeseries.h5
Keeping 6/8 IMFs in 0.005-0.25 Hz range
Saved FCs to /cluster/home/herminea/mental_health_project/test/results/fmri_prep/mvmd/fc/NDAR_INVUY799LKJ_run2_fc.pkl

Subject: NDAR_INVXJ707NAE | Run file: sub-NDARINVXJ707NAE_roi_timeseries.h5
Keeping 6/8 IMFs in 0.005-0.25 Hz range
Saved FCs to /cluster/home/herminea/mental_health_project/test/results/fmri_prep/mvmd/fc/NDAR_INVXJ707NAE_run1_fc.pkl

Subject: NDAR_INVDM785DVB | Run file: sub-NDARINVDM785DVB_roi_timeseries.h5
Keeping 5/8 IMFs in 0.005-0.25 Hz range
Saved FCs to /cluster/home/herminea/mental_health_project/test/results/fmri_prep/mvmd/fc/NDAR_INVDM785DVB_run2_fc.pkl

Subject: NDAR_INVKD900ED7 | Run file: sub-NDARINVKD900ED7_roi_timeseries.h5
Keeping 5/8 IMFs in 0.005-0.25 Hz range
Saved FCs to /cluster/home/herminea/mental_health_project/test/results/fmri_prep/mvmd/fc/NDAR_INVKD900ED7_run1_fc.pkl

Subject: NDAR_INVWR872ZDB | Run file: sub-NDARINVWR872ZDB_roi_timeseries.h5
Keeping 6/8 IMFs in 0.005-0.25 Hz range
Saved FCs to /cluster/home/herminea/mental_health_project/test/results/fmri_prep/mvmd/fc/NDAR_INVWR872ZDB_run2_fc.pkl

Subject: NDAR_INVDC524THW | Run file: sub-NDARINVDC524THW_roi_timeseries.h5
Keeping 6/8 IMFs in 0.005-0.25 Hz range
Saved FCs to /cluster/home/herminea/mental_health_project/test/results/fmri_prep/mvmd/fc/NDAR_INVDC524THW_run4_fc.pkl

Subject: NDAR_INVKX727WL8 | Run file: sub-NDARINVKX727WL8_roi_timeseries.h5
Keeping 5/8 IMFs in 0.005-0.25 Hz range
Saved FCs to /cluster/home/herminea/mental_health_project/test/results/fmri_prep/mvmd/fc/NDAR_INVKX727WL8_run1_fc.pkl

Subject: NDAR_INVEY681MZ7 | Run file: sub-NDARINVEY681MZ7_roi_timeseries.h5
Keeping 5/8 IMFs in 0.005-0.25 Hz range
Saved FCs to /cluster/home/herminea/mental_health_project/test/results/fmri_prep/mvmd/fc/NDAR_INVEY681MZ7_run4_fc.pkl

Subject: NDAR_INVFW143KVU | Run file: sub-NDARINVFW143KVU_roi_timeseries.h5
Keeping 6/8 IMFs in 0.005-0.25 Hz range
Saved FCs to /cluster/home/herminea/mental_health_project/test/results/fmri_prep/mvmd/fc/NDAR_INVFW143KVU_run2_fc.pkl

Subject: NDAR_INVUX642KUY | Run file: sub-NDARINVUX642KUY_roi_timeseries.h5
Keeping 6/8 IMFs in 0.005-0.25 Hz range
Saved FCs to /cluster/home/herminea/mental_health_project/test/results/fmri_prep/mvmd/fc/NDAR_INVUX642KUY_run1_fc.pkl

Subject: NDAR_INVVP179WTP | Run file: sub-NDARINVVP179WTP_roi_timeseries.h5
Keeping 6/8 IMFs in 0.005-0.25 Hz range
Saved FCs to /cluster/home/herminea/mental_health_project/test/results/fmri_prep/mvmd/fc/NDAR_INVVP179WTP_run4_fc.pkl

Subject: NDAR_INVJP751NXV | Run file: sub-NDARINVJP751NXV_roi_timeseries.h5
Keeping 5/8 IMFs in 0.005-0.25 Hz range
Saved FCs to /cluster/home/herminea/mental_health_project/test/results/fmri_prep/mvmd/fc/NDAR_INVJP751NXV_run3_fc.pkl

Subject: NDAR_INVUZ656BRT | Run file: sub-NDARINVUZ656BRT_roi_timeseries.h5
Keeping 5/8 IMFs in 0.005-0.25 Hz range
Saved FCs to /cluster/home/herminea/mental_health_project/test/results/fmri_prep/mvmd/fc/NDAR_INVUZ656BRT_run4_fc.pkl

Subject: NDAR_INVFW143KVU | Run file: sub-NDARINVFW143KVU_roi_timeseries.h5
Keeping 6/8 IMFs in 0.005-0.25 Hz range
Saved FCs to /cluster/home/herminea/mental_health_project/test/results/fmri_prep/mvmd/fc/NDAR_INVFW143KVU_run3_fc.pkl

Subject: NDAR_INVUA181LXU | Run file: sub-NDARINVUA181LXU_roi_timeseries.h5
Keeping 6/8 IMFs in 0.005-0.25 Hz range
Saved FCs to /cluster/home/herminea/mental_health_project/test/results/fmri_prep/mvmd/fc/NDAR_INVUA181LXU_run3_fc.pkl

Subject: NDAR_INVJP751NXV | Run file: sub-NDARINVJP751NXV_roi_timeseries.h5
Keeping 6/8 IMFs in 0.005-0.25 Hz range
Saved FCs to /cluster/home/herminea/mental_health_project/test/results/fmri_prep/mvmd/fc/NDAR_INVJP751NXV_run2_fc.pkl

Subject: NDAR_INVZY232VM1 | Run file: sub-NDARINVZY232VM1_roi_timeseries.h5
Keeping 6/8 IMFs in 0.005-0.25 Hz range
Saved FCs to /cluster/home/herminea/mental_health_project/test/results/fmri_prep/mvmd/fc/NDAR_INVZY232VM1_run1_fc.pkl

Subject: NDAR_INVWL810FRT | Run file: sub-NDARINVWL810FRT_roi_timeseries.h5
Keeping 6/8 IMFs in 0.005-0.25 Hz range
Saved FCs to /cluster/home/herminea/mental_health_project/test/results/fmri_prep/mvmd/fc/NDAR_INVWL810FRT_run2_fc.pkl

Subject: NDAR_INVEY681MZ7 | Run file: sub-NDARINVEY681MZ7_roi_timeseries.h5
Keeping 6/8 IMFs in 0.005-0.25 Hz range
Saved FCs to /cluster/home/herminea/mental_health_project/test/results/fmri_prep/mvmd/fc/NDAR_INVEY681MZ7_run2_fc.pkl

Subject: NDAR_INVXA261ZAL | Run file: sub-NDARINVXA261ZAL_roi_timeseries.h5
Keeping 6/8 IMFs in 0.005-0.25 Hz range
Saved FCs to /cluster/home/herminea/mental_health_project/test/results/fmri_prep/mvmd/fc/NDAR_INVXA261ZAL_run3_fc.pkl

Subject: NDAR_INVUA181LXU | Run file: sub-NDARINVUA181LXU_roi_timeseries.h5
Keeping 5/8 IMFs in 0.005-0.25 Hz range
Saved FCs to /cluster/home/herminea/mental_health_project/test/results/fmri_prep/mvmd/fc/NDAR_INVUA181LXU_run1_fc.pkl

Subject: NDAR_INVEY681MZ7 | Run file: sub-NDARINVEY681MZ7_roi_timeseries.h5
Keeping 6/8 IMFs in 0.005-0.25 Hz range
Saved FCs to /cluster/home/herminea/mental_health_project/test/results/fmri_prep/mvmd/fc/NDAR_INVEY681MZ7_run3_fc.pkl

Subject: NDAR_INVUA181LXU | Run file: sub-NDARINVUA181LXU_roi_timeseries.h5
Keeping 6/8 IMFs in 0.005-0.25 Hz range
Saved FCs to /cluster/home/herminea/mental_health_project/test/results/fmri_prep/mvmd/fc/NDAR_INVUA181LXU_run2_fc.pkl

Subject: NDAR_INVZY232VM1 | Run file: sub-NDARINVZY232VM1_roi_timeseries.h5
Keeping 6/8 IMFs in 0.005-0.25 Hz range
Saved FCs to /cluster/home/herminea/mental_health_project/test/results/fmri_prep/mvmd/fc/NDAR_INVZY232VM1_run4_fc.pkl

Subject: NDAR_INVDK220VPQ | Run file: sub-NDARINVDK220VPQ_roi_timeseries.h5
Keeping 5/8 IMFs in 0.005-0.25 Hz range
Saved FCs to /cluster/home/herminea/mental_health_project/test/results/fmri_prep/mvmd/fc/NDAR_INVDK220VPQ_run3_fc.pkl

Subject: NDAR_INVZU586UPF | Run file: sub-NDARINVZU586UPF_roi_timeseries.h5
Keeping 6/8 IMFs in 0.005-0.25 Hz range
Saved FCs to /cluster/home/herminea/mental_health_project/test/results/fmri_prep/mvmd/fc/NDAR_INVZU586UPF_run3_fc.pkl

Subject: NDAR_INVLD269XMU | Run file: sub-NDARINVLD269XMU_roi_timeseries.h5
Keeping 5/8 IMFs in 0.005-0.25 Hz range
Saved FCs to /cluster/home/herminea/mental_health_project/test/results/fmri_prep/mvmd/fc/NDAR_INVLD269XMU_run3_fc.pkl

Subject: NDAR_INVXA261ZAL | Run file: sub-NDARINVXA261ZAL_roi_timeseries.h5
Keeping 5/8 IMFs in 0.005-0.25 Hz range
Saved FCs to /cluster/home/herminea/mental_health_project/test/results/fmri_prep/mvmd/fc/NDAR_INVXA261ZAL_run4_fc.pkl

Subject: NDAR_INVKD900ED7 | Run file: sub-NDARINVKD900ED7_roi_timeseries.h5
Keeping 5/8 IMFs in 0.005-0.25 Hz range
Saved FCs to /cluster/home/herminea/mental_health_project/test/results/fmri_prep/mvmd/fc/NDAR_INVKD900ED7_run2_fc.pkl

Subject: NDAR_INVDC524THW | Run file: sub-NDARINVDC524THW_roi_timeseries.h5
Keeping 6/8 IMFs in 0.005-0.25 Hz range
Saved FCs to /cluster/home/herminea/mental_health_project/test/results/fmri_prep/mvmd/fc/NDAR_INVDC524THW_run3_fc.pkl

Subject: NDAR_INVKH965NN0 | Run file: sub-NDARINVKH965NN0_roi_timeseries.h5
Keeping 6/8 IMFs in 0.005-0.25 Hz range
Saved FCs to /cluster/home/herminea/mental_health_project/test/results/fmri_prep/mvmd/fc/NDAR_INVKH965NN0_run3_fc.pkl

Subject: NDAR_INVGN082RP7 | Run file: sub-NDARINVGN082RP7_roi_timeseries.h5
Keeping 6/8 IMFs in 0.005-0.25 Hz range
Saved FCs to /cluster/home/herminea/mental_health_project/test/results/fmri_prep/mvmd/fc/NDAR_INVGN082RP7_run3_fc.pkl

Subject: NDAR_INVDK220VPQ | Run file: sub-NDARINVDK220VPQ_roi_timeseries.h5
Keeping 5/8 IMFs in 0.005-0.25 Hz range
Saved FCs to /cluster/home/herminea/mental_health_project/test/results/fmri_prep/mvmd/fc/NDAR_INVDK220VPQ_run2_fc.pkl

Subject: NDAR_INVFW143KVU | Run file: sub-NDARINVFW143KVU_roi_timeseries.h5
Keeping 6/8 IMFs in 0.005-0.25 Hz range
Saved FCs to /cluster/home/herminea/mental_health_project/test/results/fmri_prep/mvmd/fc/NDAR_INVFW143KVU_run4_fc.pkl

Subject: NDAR_INVLD269XMU | Run file: sub-NDARINVLD269XMU_roi_timeseries.h5
Keeping 5/8 IMFs in 0.005-0.25 Hz range
Saved FCs to /cluster/home/herminea/mental_health_project/test/results/fmri_prep/mvmd/fc/NDAR_INVLD269XMU_run1_fc.pkl

Subject: NDAR_INVRX371YHK | Run file: sub-NDARINVRX371YHK_roi_timeseries.h5
Keeping 6/8 IMFs in 0.005-0.25 Hz range
Saved FCs to /cluster/home/herminea/mental_health_project/test/results/fmri_prep/mvmd/fc/NDAR_INVRX371YHK_run3_fc.pkl

Subject: NDAR_INVKX727WL8 | Run file: sub-NDARINVKX727WL8_roi_timeseries.h5
Keeping 6/8 IMFs in 0.005-0.25 Hz range
Saved FCs to /cluster/home/herminea/mental_health_project/test/results/fmri_prep/mvmd/fc/NDAR_INVKX727WL8_run2_fc.pkl

Subject: NDAR_INVAL101MH2 | Run file: sub-NDARINVAL101MH2_roi_timeseries.h5
Keeping 6/8 IMFs in 0.005-0.25 Hz range
Saved FCs to /cluster/home/herminea/mental_health_project/test/results/fmri_prep/mvmd/fc/NDAR_INVAL101MH2_run2_fc.pkl

Subject: NDAR_INVDD155BRR | Run file: sub-NDARINVDD155BRR_roi_timeseries.h5
Keeping 6/8 IMFs in 0.005-0.25 Hz range
Saved FCs to /cluster/home/herminea/mental_health_project/test/results/fmri_prep/mvmd/fc/NDAR_INVDD155BRR_run2_fc.pkl

Subject: NDAR_INVJP751NXV | Run file: sub-NDARINVJP751NXV_roi_timeseries.h5
Keeping 5/8 IMFs in 0.005-0.25 Hz range
Saved FCs to /cluster/home/herminea/mental_health_project/test/results/fmri_prep/mvmd/fc/NDAR_INVJP751NXV_run4_fc.pkl

Subject: NDAR_INVHG032NYJ | Run file: sub-NDARINVHG032NYJ_roi_timeseries.h5
Keeping 6/8 IMFs in 0.005-0.25 Hz range
Saved FCs to /cluster/home/herminea/mental_health_project/test/results/fmri_prep/mvmd/fc/NDAR_INVHG032NYJ_run4_fc.pkl

Subject: NDAR_INVXM223BAP | Run file: sub-NDARINVXM223BAP_roi_timeseries.h5
Keeping 6/8 IMFs in 0.005-0.25 Hz range
Saved FCs to /cluster/home/herminea/mental_health_project/test/results/fmri_prep/mvmd/fc/NDAR_INVXM223BAP_run1_fc.pkl

Subject: NDAR_INVWU297KRB | Run file: sub-NDARINVWU297KRB_roi_timeseries.h5
Keeping 6/8 IMFs in 0.005-0.25 Hz range
Saved FCs to /cluster/home/herminea/mental_health_project/test/results/fmri_prep/mvmd/fc/NDAR_INVWU297KRB_run3_fc.pkl

Subject: NDAR_INVWE937RD6 | Run file: sub-NDARINVWE937RD6_roi_timeseries.h5
Keeping 6/8 IMFs in 0.005-0.25 Hz range
Saved FCs to /cluster/home/herminea/mental_health_project/test/results/fmri_prep/mvmd/fc/NDAR_INVWE937RD6_run3_fc.pkl

Subject: NDAR_INVWR872ZDB | Run file: sub-NDARINVWR872ZDB_roi_timeseries.h5
Keeping 6/8 IMFs in 0.005-0.25 Hz range
Saved FCs to /cluster/home/herminea/mental_health_project/test/results/fmri_prep/mvmd/fc/NDAR_INVWR872ZDB_run4_fc.pkl

Subject: NDAR_INVTR059ATR | Run file: sub-NDARINVTR059ATR_roi_timeseries.h5
Keeping 5/8 IMFs in 0.005-0.25 Hz range
Saved FCs to /cluster/home/herminea/mental_health_project/test/results/fmri_prep/mvmd/fc/NDAR_INVTR059ATR_run4_fc.pkl

Subject: NDAR_INVKH965NN0 | Run file: sub-NDARINVKH965NN0_roi_timeseries.h5
Keeping 6/8 IMFs in 0.005-0.25 Hz range
Saved FCs to /cluster/home/herminea/mental_health_project/test/results/fmri_prep/mvmd/fc/NDAR_INVKH965NN0_run2_fc.pkl

Subject: NDAR_INVWU297KRB | Run file: sub-NDARINVWU297KRB_roi_timeseries.h5
Keeping 6/8 IMFs in 0.005-0.25 Hz range
Saved FCs to /cluster/home/herminea/mental_health_project/test/results/fmri_prep/mvmd/fc/NDAR_INVWU297KRB_run1_fc.pkl

Subject: NDAR_INVZY232VM1 | Run file: sub-NDARINVZY232VM1_roi_timeseries.h5
Keeping 6/8 IMFs in 0.005-0.25 Hz range
Saved FCs to /cluster/home/herminea/mental_health_project/test/results/fmri_prep/mvmd/fc/NDAR_INVZY232VM1_run2_fc.pkl

Subject: NDAR_INVNB949AXM | Run file: sub-NDARINVNB949AXM_roi_timeseries.h5
Keeping 5/8 IMFs in 0.005-0.25 Hz range
Saved FCs to /cluster/home/herminea/mental_health_project/test/results/fmri_prep/mvmd/fc/NDAR_INVNB949AXM_run3_fc.pkl

Subject: NDAR_INVWE937RD6 | Run file: sub-NDARINVWE937RD6_roi_timeseries.h5
Keeping 6/8 IMFs in 0.005-0.25 Hz range
Saved FCs to /cluster/home/herminea/mental_health_project/test/results/fmri_prep/mvmd/fc/NDAR_INVWE937RD6_run1_fc.pkl

Subject: NDAR_INVLT949NAG | Run file: sub-NDARINVLT949NAG_roi_timeseries.h5
Keeping 6/8 IMFs in 0.005-0.25 Hz range
Saved FCs to /cluster/home/herminea/mental_health_project/test/results/fmri_prep/mvmd/fc/NDAR_INVLT949NAG_run2_fc.pkl

Subject: NDAR_INVBL733HBP | Run file: sub-NDARINVBL733HBP_roi_timeseries.h5
Keeping 6/8 IMFs in 0.005-0.25 Hz range
Saved FCs to /cluster/home/herminea/mental_health_project/test/results/fmri_prep/mvmd/fc/NDAR_INVBL733HBP_run1_fc.pkl

Subject: NDAR_INVWR872ZDB | Run file: sub-NDARINVWR872ZDB_roi_timeseries.h5
Keeping 6/8 IMFs in 0.005-0.25 Hz range
Saved FCs to /cluster/home/herminea/mental_health_project/test/results/fmri_prep/mvmd/fc/NDAR_INVWR872ZDB_run3_fc.pkl

Subject: NDAR_INVLT949NAG | Run file: sub-NDARINVLT949NAG_roi_timeseries.h5
Keeping 6/8 IMFs in 0.005-0.25 Hz range
Saved FCs to /cluster/home/herminea/mental_health_project/test/results/fmri_prep/mvmd/fc/NDAR_INVLT949NAG_run4_fc.pkl

Subject: NDAR_INVWE937RD6 | Run file: sub-NDARINVWE937RD6_roi_timeseries.h5
Keeping 6/8 IMFs in 0.005-0.25 Hz range
Saved FCs to /cluster/home/herminea/mental_health_project/test/results/fmri_prep/mvmd/fc/NDAR_INVWE937RD6_run4_fc.pkl

[Tue 11 Nov 09:47:08 CET 2025] Starting FC combining...

Combining FC matrices across runs in /cluster/home/herminea/mental_health_project/test/results/fmri_prep/vlmd/fc...

[Load] Loaded 165 FC result files from /cluster/home/herminea/mental_health_project/test/results/fmri_prep/vlmd/fc
Subject NDAR_INVAL101MH2: 4 runs
 Saved combined FC to /cluster/home/herminea/mental_health_project/test/results/fmri_prep/vlmd/combined_fc/NDAR_INVAL101MH2_combined_fc.pkl
Subject NDAR_INVBL733HBP: 4 runs
 Saved combined FC to /cluster/home/herminea/mental_health_project/test/results/fmri_prep/vlmd/combined_fc/NDAR_INVBL733HBP_combined_fc.pkl
Subject NDAR_INVCW125BLA: 4 runs
 Saved combined FC to /cluster/home/herminea/mental_health_project/test/results/fmri_prep/vlmd/combined_fc/NDAR_INVCW125BLA_combined_fc.pkl
Subject NDAR_INVDC524THW: 4 runs
 Saved combined FC to /cluster/home/herminea/mental_health_project/test/results/fmri_prep/vlmd/combined_fc/NDAR_INVDC524THW_combined_fc.pkl
Subject NDAR_INVDD155BRR: 4 runs
 Saved combined FC to /cluster/home/herminea/mental_health_project/test/results/fmri_prep/vlmd/combined_fc/NDAR_INVDD155BRR_combined_fc.pkl
Subject NDAR_INVDK220VPQ: 4 runs
 Saved combined FC to /cluster/home/herminea/mental_health_project/test/results/fmri_prep/vlmd/combined_fc/NDAR_INVDK220VPQ_combined_fc.pkl
Subject NDAR_INVDM785DVB: 4 runs
 Saved combined FC to /cluster/home/herminea/mental_health_project/test/results/fmri_prep/vlmd/combined_fc/NDAR_INVDM785DVB_combined_fc.pkl
Subject NDAR_INVDP288XND: 4 runs
 Saved combined FC to /cluster/home/herminea/mental_health_project/test/results/fmri_prep/vlmd/combined_fc/NDAR_INVDP288XND_combined_fc.pkl
Subject NDAR_INVEY681MZ7: 4 runs
 Saved combined FC to /cluster/home/herminea/mental_health_project/test/results/fmri_prep/vlmd/combined_fc/NDAR_INVEY681MZ7_combined_fc.pkl
Subject NDAR_INVFW143KVU: 4 runs
 Saved combined FC to /cluster/home/herminea/mental_health_project/test/results/fmri_prep/vlmd/combined_fc/NDAR_INVFW143KVU_combined_fc.pkl
Subject NDAR_INVGN082RP7: 4 runs
 Saved combined FC to /cluster/home/herminea/mental_health_project/test/results/fmri_prep/vlmd/combined_fc/NDAR_INVGN082RP7_combined_fc.pkl
Subject NDAR_INVHG032NYJ: 4 runs
 Saved combined FC to /cluster/home/herminea/mental_health_project/test/results/fmri_prep/vlmd/combined_fc/NDAR_INVHG032NYJ_combined_fc.pkl
Subject NDAR_INVHW100CDA: 3 runs
 Saved combined FC to /cluster/home/herminea/mental_health_project/test/results/fmri_prep/vlmd/combined_fc/NDAR_INVHW100CDA_combined_fc.pkl
Subject NDAR_INVJP751NXV: 4 runs
 Saved combined FC to /cluster/home/herminea/mental_health_project/test/results/fmri_prep/vlmd/combined_fc/NDAR_INVJP751NXV_combined_fc.pkl
Subject NDAR_INVJT253NWQ: 2 runs
 Saved combined FC to /cluster/home/herminea/mental_health_project/test/results/fmri_prep/vlmd/combined_fc/NDAR_INVJT253NWQ_combined_fc.pkl
Subject NDAR_INVKD900ED7: 4 runs
 Saved combined FC to /cluster/home/herminea/mental_health_project/test/results/fmri_prep/vlmd/combined_fc/NDAR_INVKD900ED7_combined_fc.pkl
Subject NDAR_INVKH279ZDZ: 4 runs
 Saved combined FC to /cluster/home/herminea/mental_health_project/test/results/fmri_prep/vlmd/combined_fc/NDAR_INVKH279ZDZ_combined_fc.pkl
Subject NDAR_INVKH965NN0: 4 runs
 Saved combined FC to /cluster/home/herminea/mental_health_project/test/results/fmri_prep/vlmd/combined_fc/NDAR_INVKH965NN0_combined_fc.pkl
Subject NDAR_INVKX727WL8: 4 runs
 Saved combined FC to /cluster/home/herminea/mental_health_project/test/results/fmri_prep/vlmd/combined_fc/NDAR_INVKX727WL8_combined_fc.pkl
Subject NDAR_INVLD269XMU: 4 runs
 Saved combined FC to /cluster/home/herminea/mental_health_project/test/results/fmri_prep/vlmd/combined_fc/NDAR_INVLD269XMU_combined_fc.pkl
Subject NDAR_INVLT949NAG: 4 runs
 Saved combined FC to /cluster/home/herminea/mental_health_project/test/results/fmri_prep/vlmd/combined_fc/NDAR_INVLT949NAG_combined_fc.pkl
Subject NDAR_INVNB949AXM: 4 runs
 Saved combined FC to /cluster/home/herminea/mental_health_project/test/results/fmri_prep/vlmd/combined_fc/NDAR_INVNB949AXM_combined_fc.pkl
Subject NDAR_INVPG675JPX: 4 runs
 Saved combined FC to /cluster/home/herminea/mental_health_project/test/results/fmri_prep/vlmd/combined_fc/NDAR_INVPG675JPX_combined_fc.pkl
Subject NDAR_INVRC807HPA: 4 runs
 Saved combined FC to /cluster/home/herminea/mental_health_project/test/results/fmri_prep/vlmd/combined_fc/NDAR_INVRC807HPA_combined_fc.pkl
Subject NDAR_INVRX371YHK: 4 runs
 Saved combined FC to /cluster/home/herminea/mental_health_project/test/results/fmri_prep/vlmd/combined_fc/NDAR_INVRX371YHK_combined_fc.pkl
Subject NDAR_INVTR059ATR: 4 runs
 Saved combined FC to /cluster/home/herminea/mental_health_project/test/results/fmri_prep/vlmd/combined_fc/NDAR_INVTR059ATR_combined_fc.pkl
Subject NDAR_INVUA181LXU: 4 runs
 Saved combined FC to /cluster/home/herminea/mental_health_project/test/results/fmri_prep/vlmd/combined_fc/NDAR_INVUA181LXU_combined_fc.pkl
Subject NDAR_INVUX642KUY: 4 runs
 Saved combined FC to /cluster/home/herminea/mental_health_project/test/results/fmri_prep/vlmd/combined_fc/NDAR_INVUX642KUY_combined_fc.pkl
Subject NDAR_INVUY799LKJ: 4 runs
 Saved combined FC to /cluster/home/herminea/mental_health_project/test/results/fmri_prep/vlmd/combined_fc/NDAR_INVUY799LKJ_combined_fc.pkl
Subject NDAR_INVUZ656BRT: 4 runs
 Saved combined FC to /cluster/home/herminea/mental_health_project/test/results/fmri_prep/vlmd/combined_fc/NDAR_INVUZ656BRT_combined_fc.pkl
Subject NDAR_INVVP179WTP: 4 runs
 Saved combined FC to /cluster/home/herminea/mental_health_project/test/results/fmri_prep/vlmd/combined_fc/NDAR_INVVP179WTP_combined_fc.pkl
Subject NDAR_INVWE937RD6: 4 runs
 Saved combined FC to /cluster/home/herminea/mental_health_project/test/results/fmri_prep/vlmd/combined_fc/NDAR_INVWE937RD6_combined_fc.pkl
Subject NDAR_INVWJ708RM0: 4 runs
 Saved combined FC to /cluster/home/herminea/mental_health_project/test/results/fmri_prep/vlmd/combined_fc/NDAR_INVWJ708RM0_combined_fc.pkl
Subject NDAR_INVWL810FRT: 4 runs
 Saved combined FC to /cluster/home/herminea/mental_health_project/test/results/fmri_prep/vlmd/combined_fc/NDAR_INVWL810FRT_combined_fc.pkl
Subject NDAR_INVWR872ZDB: 4 runs
 Saved combined FC to /cluster/home/herminea/mental_health_project/test/results/fmri_prep/vlmd/combined_fc/NDAR_INVWR872ZDB_combined_fc.pkl
Subject NDAR_INVWU297KRB: 4 runs
 Saved combined FC to /cluster/home/herminea/mental_health_project/test/results/fmri_prep/vlmd/combined_fc/NDAR_INVWU297KRB_combined_fc.pkl
Subject NDAR_INVXA261ZAL: 4 runs
 Saved combined FC to /cluster/home/herminea/mental_health_project/test/results/fmri_prep/vlmd/combined_fc/NDAR_INVXA261ZAL_combined_fc.pkl
Subject NDAR_INVXJ707NAE: 4 runs
 Saved combined FC to /cluster/home/herminea/mental_health_project/test/results/fmri_prep/vlmd/combined_fc/NDAR_INVXJ707NAE_combined_fc.pkl
Subject NDAR_INVXM223BAP: 4 runs
 Saved combined FC to /cluster/home/herminea/mental_health_project/test/results/fmri_prep/vlmd/combined_fc/NDAR_INVXM223BAP_combined_fc.pkl
Subject NDAR_INVZB896FPZ: 4 runs
 Saved combined FC to /cluster/home/herminea/mental_health_project/test/results/fmri_prep/vlmd/combined_fc/NDAR_INVZB896FPZ_combined_fc.pkl
Subject NDAR_INVZU586UPF: 4 runs
 Saved combined FC to /cluster/home/herminea/mental_health_project/test/results/fmri_prep/vlmd/combined_fc/NDAR_INVZU586UPF_combined_fc.pkl
Subject NDAR_INVZY232VM1: 4 runs
 Saved combined FC to /cluster/home/herminea/mental_health_project/test/results/fmri_prep/vlmd/combined_fc/NDAR_INVZY232VM1_combined_fc.pkl

All subjects combined successfully.


Combining FC matrices across runs in /cluster/home/herminea/mental_health_project/test/results/fmri_prep/mvmd/fc...

[Load] Loaded 165 FC result files from /cluster/home/herminea/mental_health_project/test/results/fmri_prep/mvmd/fc
Subject NDAR_INVAL101MH2: 4 runs
 Saved combined FC to /cluster/home/herminea/mental_health_project/test/results/fmri_prep/mvmd/combined_fc/NDAR_INVAL101MH2_combined_fc.pkl
Subject NDAR_INVBL733HBP: 4 runs
 Saved combined FC to /cluster/home/herminea/mental_health_project/test/results/fmri_prep/mvmd/combined_fc/NDAR_INVBL733HBP_combined_fc.pkl
Subject NDAR_INVCW125BLA: 4 runs
 Saved combined FC to /cluster/home/herminea/mental_health_project/test/results/fmri_prep/mvmd/combined_fc/NDAR_INVCW125BLA_combined_fc.pkl
Subject NDAR_INVDC524THW: 4 runs
 Saved combined FC to /cluster/home/herminea/mental_health_project/test/results/fmri_prep/mvmd/combined_fc/NDAR_INVDC524THW_combined_fc.pkl
Subject NDAR_INVDD155BRR: 4 runs
 Saved combined FC to /cluster/home/herminea/mental_health_project/test/results/fmri_prep/mvmd/combined_fc/NDAR_INVDD155BRR_combined_fc.pkl
Subject NDAR_INVDK220VPQ: 4 runs
 Saved combined FC to /cluster/home/herminea/mental_health_project/test/results/fmri_prep/mvmd/combined_fc/NDAR_INVDK220VPQ_combined_fc.pkl
Subject NDAR_INVDM785DVB: 4 runs
 Saved combined FC to /cluster/home/herminea/mental_health_project/test/results/fmri_prep/mvmd/combined_fc/NDAR_INVDM785DVB_combined_fc.pkl
Subject NDAR_INVDP288XND: 4 runs
 Saved combined FC to /cluster/home/herminea/mental_health_project/test/results/fmri_prep/mvmd/combined_fc/NDAR_INVDP288XND_combined_fc.pkl
Subject NDAR_INVEY681MZ7: 4 runs
 Saved combined FC to /cluster/home/herminea/mental_health_project/test/results/fmri_prep/mvmd/combined_fc/NDAR_INVEY681MZ7_combined_fc.pkl
Subject NDAR_INVFW143KVU: 4 runs
 Saved combined FC to /cluster/home/herminea/mental_health_project/test/results/fmri_prep/mvmd/combined_fc/NDAR_INVFW143KVU_combined_fc.pkl
Subject NDAR_INVGN082RP7: 4 runs
 Saved combined FC to /cluster/home/herminea/mental_health_project/test/results/fmri_prep/mvmd/combined_fc/NDAR_INVGN082RP7_combined_fc.pkl
Subject NDAR_INVHG032NYJ: 4 runs
 Saved combined FC to /cluster/home/herminea/mental_health_project/test/results/fmri_prep/mvmd/combined_fc/NDAR_INVHG032NYJ_combined_fc.pkl
Subject NDAR_INVHW100CDA: 3 runs
 Saved combined FC to /cluster/home/herminea/mental_health_project/test/results/fmri_prep/mvmd/combined_fc/NDAR_INVHW100CDA_combined_fc.pkl
Subject NDAR_INVJP751NXV: 4 runs
 Saved combined FC to /cluster/home/herminea/mental_health_project/test/results/fmri_prep/mvmd/combined_fc/NDAR_INVJP751NXV_combined_fc.pkl
Subject NDAR_INVJT253NWQ: 2 runs
 Saved combined FC to /cluster/home/herminea/mental_health_project/test/results/fmri_prep/mvmd/combined_fc/NDAR_INVJT253NWQ_combined_fc.pkl
Subject NDAR_INVKD900ED7: 4 runs
 Saved combined FC to /cluster/home/herminea/mental_health_project/test/results/fmri_prep/mvmd/combined_fc/NDAR_INVKD900ED7_combined_fc.pkl
Subject NDAR_INVKH279ZDZ: 4 runs
 Saved combined FC to /cluster/home/herminea/mental_health_project/test/results/fmri_prep/mvmd/combined_fc/NDAR_INVKH279ZDZ_combined_fc.pkl
Subject NDAR_INVKH965NN0: 4 runs
 Saved combined FC to /cluster/home/herminea/mental_health_project/test/results/fmri_prep/mvmd/combined_fc/NDAR_INVKH965NN0_combined_fc.pkl
Subject NDAR_INVKX727WL8: 4 runs
 Saved combined FC to /cluster/home/herminea/mental_health_project/test/results/fmri_prep/mvmd/combined_fc/NDAR_INVKX727WL8_combined_fc.pkl
Subject NDAR_INVLD269XMU: 4 runs
 Saved combined FC to /cluster/home/herminea/mental_health_project/test/results/fmri_prep/mvmd/combined_fc/NDAR_INVLD269XMU_combined_fc.pkl
Subject NDAR_INVLT949NAG: 4 runs
 Saved combined FC to /cluster/home/herminea/mental_health_project/test/results/fmri_prep/mvmd/combined_fc/NDAR_INVLT949NAG_combined_fc.pkl
Subject NDAR_INVNB949AXM: 4 runs
 Saved combined FC to /cluster/home/herminea/mental_health_project/test/results/fmri_prep/mvmd/combined_fc/NDAR_INVNB949AXM_combined_fc.pkl
Subject NDAR_INVPG675JPX: 4 runs
 Saved combined FC to /cluster/home/herminea/mental_health_project/test/results/fmri_prep/mvmd/combined_fc/NDAR_INVPG675JPX_combined_fc.pkl
Subject NDAR_INVRC807HPA: 4 runs
 Saved combined FC to /cluster/home/herminea/mental_health_project/test/results/fmri_prep/mvmd/combined_fc/NDAR_INVRC807HPA_combined_fc.pkl
Subject NDAR_INVRX371YHK: 4 runs
 Saved combined FC to /cluster/home/herminea/mental_health_project/test/results/fmri_prep/mvmd/combined_fc/NDAR_INVRX371YHK_combined_fc.pkl
Subject NDAR_INVTR059ATR: 4 runs
 Saved combined FC to /cluster/home/herminea/mental_health_project/test/results/fmri_prep/mvmd/combined_fc/NDAR_INVTR059ATR_combined_fc.pkl
Subject NDAR_INVUA181LXU: 4 runs
 Saved combined FC to /cluster/home/herminea/mental_health_project/test/results/fmri_prep/mvmd/combined_fc/NDAR_INVUA181LXU_combined_fc.pkl
Subject NDAR_INVUX642KUY: 4 runs
 Saved combined FC to /cluster/home/herminea/mental_health_project/test/results/fmri_prep/mvmd/combined_fc/NDAR_INVUX642KUY_combined_fc.pkl
Subject NDAR_INVUY799LKJ: 4 runs
 Saved combined FC to /cluster/home/herminea/mental_health_project/test/results/fmri_prep/mvmd/combined_fc/NDAR_INVUY799LKJ_combined_fc.pkl
Subject NDAR_INVUZ656BRT: 4 runs
 Saved combined FC to /cluster/home/herminea/mental_health_project/test/results/fmri_prep/mvmd/combined_fc/NDAR_INVUZ656BRT_combined_fc.pkl
Subject NDAR_INVVP179WTP: 4 runs
 Saved combined FC to /cluster/home/herminea/mental_health_project/test/results/fmri_prep/mvmd/combined_fc/NDAR_INVVP179WTP_combined_fc.pkl
Subject NDAR_INVWE937RD6: 4 runs
 Saved combined FC to /cluster/home/herminea/mental_health_project/test/results/fmri_prep/mvmd/combined_fc/NDAR_INVWE937RD6_combined_fc.pkl
Subject NDAR_INVWJ708RM0: 4 runs
 Saved combined FC to /cluster/home/herminea/mental_health_project/test/results/fmri_prep/mvmd/combined_fc/NDAR_INVWJ708RM0_combined_fc.pkl
Subject NDAR_INVWL810FRT: 4 runs
 Saved combined FC to /cluster/home/herminea/mental_health_project/test/results/fmri_prep/mvmd/combined_fc/NDAR_INVWL810FRT_combined_fc.pkl
Subject NDAR_INVWR872ZDB: 4 runs
 Saved combined FC to /cluster/home/herminea/mental_health_project/test/results/fmri_prep/mvmd/combined_fc/NDAR_INVWR872ZDB_combined_fc.pkl
Subject NDAR_INVWU297KRB: 4 runs
 Saved combined FC to /cluster/home/herminea/mental_health_project/test/results/fmri_prep/mvmd/combined_fc/NDAR_INVWU297KRB_combined_fc.pkl
Subject NDAR_INVXA261ZAL: 4 runs
 Saved combined FC to /cluster/home/herminea/mental_health_project/test/results/fmri_prep/mvmd/combined_fc/NDAR_INVXA261ZAL_combined_fc.pkl
Subject NDAR_INVXJ707NAE: 4 runs
 Saved combined FC to /cluster/home/herminea/mental_health_project/test/results/fmri_prep/mvmd/combined_fc/NDAR_INVXJ707NAE_combined_fc.pkl
Subject NDAR_INVXM223BAP: 4 runs
 Saved combined FC to /cluster/home/herminea/mental_health_project/test/results/fmri_prep/mvmd/combined_fc/NDAR_INVXM223BAP_combined_fc.pkl
Subject NDAR_INVZB896FPZ: 4 runs
 Saved combined FC to /cluster/home/herminea/mental_health_project/test/results/fmri_prep/mvmd/combined_fc/NDAR_INVZB896FPZ_combined_fc.pkl
Subject NDAR_INVZU586UPF: 4 runs
 Saved combined FC to /cluster/home/herminea/mental_health_project/test/results/fmri_prep/mvmd/combined_fc/NDAR_INVZU586UPF_combined_fc.pkl
Subject NDAR_INVZY232VM1: 4 runs
 Saved combined FC to /cluster/home/herminea/mental_health_project/test/results/fmri_prep/mvmd/combined_fc/NDAR_INVZY232VM1_combined_fc.pkl

All subjects combined successfully.

[Tue 11 Nov 09:47:17 CET 2025] All processing completed successfully.
